#
# There is insufficient memory for the Java Runtime Environment to continue.
# Native memory allocation (malloc) failed to allocate 823616 bytes for Chunk::new
# Possible reasons:
#   The system is out of physical RAM or swap space
#   The process is running with CompressedOops enabled, and the Java Heap may be blocking the growth of the native heap
# Possible solutions:
#   Reduce memory load on the system
#   Increase physical memory or swap space
#   Check if swap backing store is full
#   Decrease Java heap size (-Xmx/-Xms)
#   Decrease number of Java threads
#   Decrease Java thread stack sizes (-Xss)
#   Set larger code cache with -XX:ReservedCodeCacheSize=
#   JVM is running with Zero Based Compressed Oops mode in which the Java heap is
#     placed in the first 32GB address space. The Java Heap base address is the
#     maximum limit for the native heap growth. Please use -XX:HeapBaseMinAddress
#     to set the Java Heap base and to place the Java Heap above 32GB virtual address.
# This output file may be truncated or incomplete.
#
#  Out of Memory Error (arena.cpp:189), pid=5948, tid=33324
#
# JRE version: Java(TM) SE Runtime Environment (17.0.12+8) (build 17.0.12+8-LTS-286)
# Java VM: Java HotSpot(TM) 64-Bit Server VM (17.0.12+8-LTS-286, mixed mode, sharing, tiered, compressed oops, compressed class ptrs, g1 gc, windows-amd64)
# No core dump will be written. Minidumps are not enabled by default on client versions of Windows
#

---------------  S U M M A R Y ------------

Command Line: -javaagent:C:\Program Files\New Relic\newrelic\newrelic.jar -Dfile.encoding=UTF-8 -Dstdout.encoding=UTF-8 -Dstderr.encoding=UTF-8 -XX:+ShowCodeDetailsInExceptionMessages com.example.leftovers.LeftoversApplication

Host: 11th Gen Intel(R) Core(TM) i7-11800H @ 2.30GHz, 16 cores, 15G,  Windows 11 , 64 bit Build 26100 (10.0.26100.4202)
Time: Tue Jul  8 17:15:08 2025  Windows 11 , 64 bit Build 26100 (10.0.26100.4202) elapsed time: 2330.382474 seconds (0d 0h 38m 50s)

---------------  T H R E A D  ---------------

Current thread (0x00000217d807cc70):  JavaThread "C2 CompilerThread0" daemon [_thread_in_native, id=33324, stack(0x0000002202400000,0x0000002202500000)]


Current CompileTask:
C2:2330382 14733       4       jdk.internal.math.FloatingDecimal$BinaryToASCIIBuffer::dtoa (1509 bytes)

Stack: [0x0000002202400000,0x0000002202500000]
Native frames: (J=compiled Java code, j=interpreted, Vv=VM code, C=native code)
V  [jvm.dll+0x67a04a]
V  [jvm.dll+0x7da4ed]
V  [jvm.dll+0x7dbe33]
V  [jvm.dll+0x7dc4a3]
V  [jvm.dll+0x24508f]
V  [jvm.dll+0xab773]
V  [jvm.dll+0xabd3c]
V  [jvm.dll+0x2aa52f]
V  [jvm.dll+0x581eb9]
V  [jvm.dll+0x21f422]
V  [jvm.dll+0x21f81f]
V  [jvm.dll+0x218aa0]
V  [jvm.dll+0x215b65]
V  [jvm.dll+0x1a2960]
V  [jvm.dll+0x22610b]
V  [jvm.dll+0x2242ab]
V  [jvm.dll+0x79075c]
V  [jvm.dll+0x78abea]
V  [jvm.dll+0x678f35]
C  [ucrtbase.dll+0x37b0]
C  [KERNEL32.DLL+0x2e8d7]
C  [ntdll.dll+0x3c34c]


---------------  P R O C E S S  ---------------

Threads class SMR info:
_java_thread_list=0x00000218240fdfd0, length=40, elements={
0x00000217d8059b10, 0x00000217d805a5e0, 0x00000217d8077700, 0x00000217d807a0e0,
0x00000217d807a9b0, 0x00000217d807b280, 0x00000217d807cc70, 0x00000217d8095340,
0x00000217d80856c0, 0x00000217d80be8d0, 0x000002182011c440, 0x000002182011b510,
0x00000218201191a0, 0x000002182011bf30, 0x0000021820118c90, 0x000002182011b000,
0x0000021820119bc0, 0x000002182011a0d0, 0x000002182011a5e0, 0x0000021824f569f0,
0x0000021824f54b90, 0x0000021824f59780, 0x0000021824f5abc0, 0x0000021824f5b5e0,
0x000002182011ba20, 0x0000021822a5d7a0, 0x0000021822a5dcb0, 0x0000021822a5c360,
0x0000021822a5b430, 0x0000021822a5ebe0, 0x0000021822a5d290, 0x0000021822a5f0f0,
0x0000021822a5c870, 0x0000021822a5be50, 0x0000021822a5e1c0, 0x0000021822a5e6d0,
0x0000021822a5b940, 0x0000021822a5f600, 0x0000021822a60530, 0x0000021822a5cd80
}

Java Threads: ( => current thread )
  0x00000217d8059b10 JavaThread "Reference Handler" daemon [_thread_blocked, id=11952, stack(0x0000002201e00000,0x0000002201f00000)]
  0x00000217d805a5e0 JavaThread "Finalizer" daemon [_thread_blocked, id=37720, stack(0x0000002201f00000,0x0000002202000000)]
  0x00000217d8077700 JavaThread "Signal Dispatcher" daemon [_thread_blocked, id=14956, stack(0x0000002202000000,0x0000002202100000)]
  0x00000217d807a0e0 JavaThread "Attach Listener" daemon [_thread_blocked, id=35124, stack(0x0000002202100000,0x0000002202200000)]
  0x00000217d807a9b0 JavaThread "Service Thread" daemon [_thread_blocked, id=34888, stack(0x0000002202200000,0x0000002202300000)]
  0x00000217d807b280 JavaThread "Monitor Deflation Thread" daemon [_thread_blocked, id=39488, stack(0x0000002202300000,0x0000002202400000)]
=>0x00000217d807cc70 JavaThread "C2 CompilerThread0" daemon [_thread_in_native, id=33324, stack(0x0000002202400000,0x0000002202500000)]
  0x00000217d8095340 JavaThread "C1 CompilerThread0" daemon [_thread_blocked, id=29736, stack(0x0000002202500000,0x0000002202600000)]
  0x00000217d80856c0 JavaThread "Sweeper thread" daemon [_thread_blocked, id=33392, stack(0x0000002202600000,0x0000002202700000)]
  0x00000217d80be8d0 JavaThread "Common-Cleaner" daemon [_thread_blocked, id=12184, stack(0x0000002202700000,0x0000002202800000)]
  0x000002182011c440 JavaThread "New Relic Jar Analysis Thread" daemon [_thread_blocked, id=7792, stack(0x0000002203a00000,0x0000002203b00000)]
  0x000002182011b510 JavaThread "New Relic Retransformer" daemon [_thread_blocked, id=18952, stack(0x0000002203b00000,0x0000002203c00000)]
  0x00000218201191a0 JavaThread "New Relic Utilization Service" daemon [_thread_blocked, id=35484, stack(0x0000002203c00000,0x0000002203d00000)]
  0x000002182011bf30 JavaThread "New Relic Utilization Service 2" daemon [_thread_blocked, id=18524, stack(0x0000002203d00000,0x0000002203e00000)]
  0x0000021820118c90 JavaThread "New Relic Transaction Service Processor" daemon [_thread_blocked, id=32784, stack(0x0000002203e00000,0x0000002203f00000)]
  0x000002182011b000 JavaThread "New Relic Sampler Service" daemon [_thread_blocked, id=28840, stack(0x0000002204600000,0x0000002204700000)]
  0x0000021820119bc0 JavaThread "New Relic Deadlock Detector" daemon [_thread_blocked, id=39716, stack(0x0000002204a00000,0x0000002204b00000)]
  0x000002182011a0d0 JavaThread "New Relic RPM Connection Service" daemon [_thread_blocked, id=37328, stack(0x0000002204b00000,0x0000002204c00000)]
  0x000002182011a5e0 JavaThread "Notification Thread" daemon [_thread_blocked, id=31608, stack(0x0000002204c00000,0x0000002204d00000)]
  0x0000021824f569f0 JavaThread "mysql-cj-abandoned-connection-cleanup" daemon [_thread_blocked, id=39824, stack(0x0000002204e00000,0x0000002204f00000)]
  0x0000021824f54b90 JavaThread "HikariPool-1:housekeeper" daemon [_thread_blocked, id=1880, stack(0x0000002204f00000,0x0000002205000000)]
  0x0000021824f59780 JavaThread "Catalina-utility-1" [_thread_blocked, id=29660, stack(0x0000002203200000,0x0000002203300000)]
  0x0000021824f5abc0 JavaThread "Catalina-utility-2" [_thread_blocked, id=27360, stack(0x0000002203300000,0x0000002203400000)]
  0x0000021824f5b5e0 JavaThread "container-0" [_thread_blocked, id=38496, stack(0x0000002203400000,0x0000002203500000)]
  0x000002182011ba20 JavaThread "http-nio-8080-exec-1" daemon [_thread_blocked, id=32712, stack(0x0000002205100000,0x0000002205200000)]
  0x0000021822a5d7a0 JavaThread "http-nio-8080-exec-2" daemon [_thread_blocked, id=38632, stack(0x0000002205200000,0x0000002205300000)]
  0x0000021822a5dcb0 JavaThread "http-nio-8080-exec-3" daemon [_thread_blocked, id=18304, stack(0x0000002205300000,0x0000002205400000)]
  0x0000021822a5c360 JavaThread "http-nio-8080-exec-4" daemon [_thread_blocked, id=37964, stack(0x0000002205400000,0x0000002205500000)]
  0x0000021822a5b430 JavaThread "http-nio-8080-exec-5" daemon [_thread_blocked, id=27032, stack(0x0000002205500000,0x0000002205600000)]
  0x0000021822a5ebe0 JavaThread "http-nio-8080-exec-6" daemon [_thread_blocked, id=26716, stack(0x0000002205600000,0x0000002205700000)]
  0x0000021822a5d290 JavaThread "http-nio-8080-exec-7" daemon [_thread_blocked, id=10328, stack(0x0000002205700000,0x0000002205800000)]
  0x0000021822a5f0f0 JavaThread "http-nio-8080-exec-8" daemon [_thread_blocked, id=12000, stack(0x0000002205800000,0x0000002205900000)]
  0x0000021822a5c870 JavaThread "http-nio-8080-exec-9" daemon [_thread_blocked, id=4252, stack(0x0000002205900000,0x0000002205a00000)]
  0x0000021822a5be50 JavaThread "http-nio-8080-exec-10" daemon [_thread_blocked, id=22492, stack(0x0000002205a00000,0x0000002205b00000)]
  0x0000021822a5e1c0 JavaThread "http-nio-8080-Poller" daemon [_thread_in_native, id=37512, stack(0x0000002205b00000,0x0000002205c00000)]
  0x0000021822a5e6d0 JavaThread "http-nio-8080-Acceptor" daemon [_thread_in_native, id=34468, stack(0x0000002205c00000,0x0000002205d00000)]
  0x0000021822a5b940 JavaThread "scheduling-1" [_thread_blocked, id=29084, stack(0x0000002205d00000,0x0000002205e00000)]
  0x0000021822a5f600 JavaThread "DestroyJavaVM" [_thread_blocked, id=2312, stack(0x0000002201700000,0x0000002201800000)]
  0x0000021822a60530 JavaThread "New Relic Harvest Service" daemon [_thread_blocked, id=36696, stack(0x0000002202a00000,0x0000002202b00000)]
  0x0000021822a5cd80 JavaThread "New Relic Faster Harvest Service" daemon [_thread_blocked, id=21428, stack(0x0000002202b00000,0x0000002202c00000)]

Other Threads:
  0x00000217d8056160 VMThread "VM Thread" [stack: 0x0000002201d00000,0x0000002201e00000] [id=38988]
  0x000002181ab7a7e0 WatcherThread [stack: 0x0000002204d00000,0x0000002204e00000] [id=37728]
  0x00000217b4d10650 GCTaskThread "GC Thread#0" [stack: 0x0000002201800000,0x0000002201900000] [id=32436]
  0x000002181f0d0a40 GCTaskThread "GC Thread#1" [stack: 0x0000002202d00000,0x0000002202e00000] [id=29088]
  0x000002181f038cd0 GCTaskThread "GC Thread#2" [stack: 0x0000002202e00000,0x0000002202f00000] [id=38616]
  0x000002181f039390 GCTaskThread "GC Thread#3" [stack: 0x0000002202f00000,0x0000002203000000] [id=5596]
  0x000002181f039c60 GCTaskThread "GC Thread#4" [stack: 0x0000002203000000,0x0000002203100000] [id=28960]
  0x000002181f0f2090 GCTaskThread "GC Thread#5" [stack: 0x0000002203100000,0x0000002203200000] [id=38596]
  0x000002181a893c10 GCTaskThread "GC Thread#6" [stack: 0x0000002203500000,0x0000002203600000] [id=7020]
  0x000002181f69e1c0 GCTaskThread "GC Thread#7" [stack: 0x0000002203600000,0x0000002203700000] [id=15744]
  0x000002181f4cc060 GCTaskThread "GC Thread#8" [stack: 0x0000002203700000,0x0000002203800000] [id=32524]
  0x000002181f2ddfa0 GCTaskThread "GC Thread#9" [stack: 0x0000002203800000,0x0000002203900000] [id=30484]
  0x000002181f6c0910 GCTaskThread "GC Thread#10" [stack: 0x0000002203900000,0x0000002203a00000] [id=27040]
  0x0000021820f47420 GCTaskThread "GC Thread#11" [stack: 0x0000002204200000,0x0000002204300000] [id=35260]
  0x0000021820f47c60 GCTaskThread "GC Thread#12" [stack: 0x0000002204300000,0x0000002204400000] [id=37784]
  0x00000217b4d22570 ConcurrentGCThread "G1 Main Marker" [stack: 0x0000002201900000,0x0000002201a00000] [id=36792]
  0x00000217b4d22e90 ConcurrentGCThread "G1 Conc#0" [stack: 0x0000002201a00000,0x0000002201b00000] [id=28464]
  0x0000021820f460e0 ConcurrentGCThread "G1 Conc#1" [stack: 0x0000002203f00000,0x0000002204000000] [id=13872]
  0x0000021820f463a0 ConcurrentGCThread "G1 Conc#2" [stack: 0x0000002204000000,0x0000002204100000] [id=16756]
  0x00000217b4d5e420 ConcurrentGCThread "G1 Refine#0" [stack: 0x0000002201b00000,0x0000002201c00000] [id=11432]
  0x0000021821a9cfa0 ConcurrentGCThread "G1 Refine#1" [stack: 0x0000002204700000,0x0000002204800000] [id=17428]
  0x0000021822bd8aa0 ConcurrentGCThread "G1 Refine#2" [stack: 0x0000002204800000,0x0000002204900000] [id=32164]
  0x00000218210d9100 ConcurrentGCThread "G1 Refine#3" [stack: 0x0000002204900000,0x0000002204a00000] [id=21840]
  0x00000217b4d5ec00 ConcurrentGCThread "G1 Service" [stack: 0x0000002201c00000,0x0000002201d00000] [id=36628]

Threads with active compile tasks:
C2 CompilerThread0  2330402 14733       4       jdk.internal.math.FloatingDecimal$BinaryToASCIIBuffer::dtoa (1509 bytes)

VM state: not at safepoint (normal execution)

VM Mutex/Monitor currently owned by a thread: None

Heap address: 0x0000000703a00000, size: 4038 MB, Compressed Oops mode: Zero based, Oop shift amount: 3

CDS archive(s) mapped at: [0x00000217d9000000-0x00000217d9bd0000-0x00000217d9bd0000), size 12386304, SharedBaseAddress: 0x00000217d9000000, ArchiveRelocationMode: 1.
Compressed class space mapped at: 0x00000217da000000-0x000002181a000000, reserved size: 1073741824
Narrow klass base: 0x00000217d9000000, Narrow klass shift: 0, Narrow klass range: 0x100000000

GC Precious Log:
 CPUs: 16 total, 16 available
 Memory: 16147M
 Large Page Support: Disabled
 NUMA Support: Disabled
 Compressed Oops: Enabled (Zero based)
 Heap Region Size: 2M
 Heap Min Capacity: 8M
 Heap Initial Capacity: 254M
 Heap Max Capacity: 4038M
 Pre-touch: Disabled
 Parallel Workers: 13
 Concurrent Workers: 3
 Concurrent Refinement Workers: 13
 Periodic GC: Disabled

Heap:
 garbage-first heap   total 538624K, used 250631K [0x0000000703a00000, 0x0000000800000000)
  region size 2048K, 87 young (178176K), 6 survivors (12288K)
 Metaspace       used 104907K, committed 105664K, reserved 1179648K
  class space    used 13982K, committed 14336K, reserved 1048576K

Heap Regions: E=young(eden), S=young(survivor), O=old, HS=humongous(starts), HC=humongous(continues), CS=collection set, F=free, OA=open archive, CA=closed archive, TAMS=top-at-mark-start (previous, next)
|   0|0x0000000703a00000, 0x0000000703c00000, 0x0000000703c00000|100%|HS|  |TAMS 0x0000000703c00000, 0x0000000703a00000| Complete 
|   1|0x0000000703c00000, 0x0000000703e00000, 0x0000000703e00000|100%| O|  |TAMS 0x0000000703e00000, 0x0000000703c00000| Untracked 
|   2|0x0000000703e00000, 0x0000000704000000, 0x0000000704000000|100%| O|  |TAMS 0x0000000704000000, 0x0000000703e00000| Untracked 
|   3|0x0000000704000000, 0x0000000704200000, 0x0000000704200000|100%| O|  |TAMS 0x0000000704200000, 0x0000000704000000| Untracked 
|   4|0x0000000704200000, 0x0000000704400000, 0x0000000704400000|100%| O|  |TAMS 0x0000000704400000, 0x0000000704200000| Untracked 
|   5|0x0000000704400000, 0x0000000704600000, 0x0000000704600000|100%| O|  |TAMS 0x0000000704600000, 0x0000000704400000| Untracked 
|   6|0x0000000704600000, 0x0000000704800000, 0x0000000704800000|100%| O|  |TAMS 0x0000000704800000, 0x0000000704600000| Untracked 
|   7|0x0000000704800000, 0x0000000704a00000, 0x0000000704a00000|100%| O|  |TAMS 0x0000000704a00000, 0x0000000704800000| Untracked 
|   8|0x0000000704a00000, 0x0000000704c00000, 0x0000000704c00000|100%| O|  |TAMS 0x0000000704c00000, 0x0000000704a00000| Untracked 
|   9|0x0000000704c00000, 0x0000000704e00000, 0x0000000704e00000|100%| O|  |TAMS 0x0000000704e00000, 0x0000000704c00000| Untracked 
|  10|0x0000000704e00000, 0x0000000705000000, 0x0000000705000000|100%| O|  |TAMS 0x0000000705000000, 0x0000000704e00000| Untracked 
|  11|0x0000000705000000, 0x0000000705200000, 0x0000000705200000|100%| O|  |TAMS 0x0000000705200000, 0x0000000705000000| Untracked 
|  12|0x0000000705200000, 0x0000000705400000, 0x0000000705400000|100%| O|  |TAMS 0x0000000705400000, 0x0000000705200000| Untracked 
|  13|0x0000000705400000, 0x0000000705600000, 0x0000000705600000|100%| O|  |TAMS 0x0000000705600000, 0x0000000705400000| Untracked 
|  14|0x0000000705600000, 0x0000000705800000, 0x0000000705800000|100%| O|  |TAMS 0x0000000705800000, 0x0000000705600000| Untracked 
|  15|0x0000000705800000, 0x0000000705a00000, 0x0000000705a00000|100%| O|  |TAMS 0x0000000705a00000, 0x0000000705800000| Untracked 
|  16|0x0000000705a00000, 0x0000000705c00000, 0x0000000705c00000|100%| O|  |TAMS 0x0000000705c00000, 0x0000000705a00000| Untracked 
|  17|0x0000000705c00000, 0x0000000705e00000, 0x0000000705e00000|100%| O|  |TAMS 0x0000000705e00000, 0x0000000705c00000| Untracked 
|  18|0x0000000705e00000, 0x0000000706000000, 0x0000000706000000|100%| O|  |TAMS 0x0000000706000000, 0x0000000705e00000| Untracked 
|  19|0x0000000706000000, 0x0000000706200000, 0x0000000706200000|100%| O|  |TAMS 0x0000000706200000, 0x0000000706000000| Untracked 
|  20|0x0000000706200000, 0x0000000706200000, 0x0000000706400000|  0%| F|  |TAMS 0x0000000706200000, 0x0000000706200000| Untracked 
|  21|0x0000000706400000, 0x0000000706600000, 0x0000000706600000|100%| O|  |TAMS 0x0000000706400000, 0x0000000706400000| Untracked 
|  22|0x0000000706600000, 0x0000000706800000, 0x0000000706800000|100%| O|  |TAMS 0x0000000706800000, 0x0000000706600000| Untracked 
|  23|0x0000000706800000, 0x0000000706a00000, 0x0000000706a00000|100%| O|  |TAMS 0x0000000706a00000, 0x0000000706800000| Untracked 
|  24|0x0000000706a00000, 0x0000000706c00000, 0x0000000706c00000|100%| O|  |TAMS 0x0000000706c00000, 0x0000000706a00000| Untracked 
|  25|0x0000000706c00000, 0x0000000706e00000, 0x0000000706e00000|100%| O|  |TAMS 0x0000000706e00000, 0x0000000706c00000| Untracked 
|  26|0x0000000706e00000, 0x0000000707000000, 0x0000000707000000|100%| O|  |TAMS 0x0000000707000000, 0x0000000706e00000| Untracked 
|  27|0x0000000707000000, 0x0000000707200000, 0x0000000707200000|100%| O|  |TAMS 0x0000000707200000, 0x0000000707000000| Untracked 
|  28|0x0000000707200000, 0x0000000707400000, 0x0000000707400000|100%| O|  |TAMS 0x0000000707400000, 0x0000000707200000| Untracked 
|  29|0x0000000707400000, 0x0000000707600000, 0x0000000707600000|100%| O|  |TAMS 0x0000000707600000, 0x0000000707400000| Untracked 
|  30|0x0000000707600000, 0x0000000707800000, 0x0000000707800000|100%| O|  |TAMS 0x0000000707800000, 0x0000000707600000| Untracked 
|  31|0x0000000707800000, 0x0000000707a00000, 0x0000000707a00000|100%| O|  |TAMS 0x0000000707a00000, 0x0000000707800000| Untracked 
|  32|0x0000000707a00000, 0x0000000707c00000, 0x0000000707c00000|100%| O|  |TAMS 0x0000000707c00000, 0x0000000707a00000| Untracked 
|  33|0x0000000707c00000, 0x0000000707e00000, 0x0000000707e00000|100%| O|  |TAMS 0x0000000707e00000, 0x0000000707c00000| Untracked 
|  34|0x0000000707e00000, 0x0000000708000000, 0x0000000708000000|100%| O|  |TAMS 0x0000000708000000, 0x0000000707e00000| Untracked 
|  35|0x0000000708000000, 0x0000000708200000, 0x0000000708200000|100%| O|  |TAMS 0x0000000708200000, 0x0000000708000000| Untracked 
|  36|0x0000000708200000, 0x0000000708400000, 0x0000000708400000|100%| O|  |TAMS 0x0000000708306200, 0x0000000708200000| Untracked 
|  37|0x0000000708400000, 0x0000000708600000, 0x0000000708600000|100%| O|  |TAMS 0x0000000708400000, 0x0000000708400000| Untracked 
|  38|0x0000000708600000, 0x0000000708745800, 0x0000000708800000| 63%| O|  |TAMS 0x0000000708600000, 0x0000000708600000| Untracked 
|  39|0x0000000708800000, 0x0000000708800000, 0x0000000708a00000|  0%| F|  |TAMS 0x0000000708800000, 0x0000000708800000| Untracked 
|  40|0x0000000708a00000, 0x0000000708a00000, 0x0000000708c00000|  0%| F|  |TAMS 0x0000000708a00000, 0x0000000708a00000| Untracked 
|  41|0x0000000708c00000, 0x0000000708c00000, 0x0000000708e00000|  0%| F|  |TAMS 0x0000000708c00000, 0x0000000708c00000| Untracked 
|  42|0x0000000708e00000, 0x0000000708e00000, 0x0000000709000000|  0%| F|  |TAMS 0x0000000708e00000, 0x0000000708e00000| Untracked 
|  43|0x0000000709000000, 0x0000000709000000, 0x0000000709200000|  0%| F|  |TAMS 0x0000000709000000, 0x0000000709000000| Untracked 
|  44|0x0000000709200000, 0x0000000709200000, 0x0000000709400000|  0%| F|  |TAMS 0x0000000709200000, 0x0000000709200000| Untracked 
|  45|0x0000000709400000, 0x0000000709400000, 0x0000000709600000|  0%| F|  |TAMS 0x0000000709400000, 0x0000000709400000| Untracked 
|  46|0x0000000709600000, 0x0000000709600000, 0x0000000709800000|  0%| F|  |TAMS 0x0000000709600000, 0x0000000709600000| Untracked 
|  47|0x0000000709800000, 0x0000000709800000, 0x0000000709a00000|  0%| F|  |TAMS 0x0000000709800000, 0x0000000709800000| Untracked 
|  48|0x0000000709a00000, 0x0000000709a00000, 0x0000000709c00000|  0%| F|  |TAMS 0x0000000709a00000, 0x0000000709a00000| Untracked 
|  49|0x0000000709c00000, 0x0000000709c00000, 0x0000000709e00000|  0%| F|  |TAMS 0x0000000709c00000, 0x0000000709c00000| Untracked 
|  50|0x0000000709e00000, 0x0000000709e00000, 0x000000070a000000|  0%| F|  |TAMS 0x0000000709e00000, 0x0000000709e00000| Untracked 
|  51|0x000000070a000000, 0x000000070a000000, 0x000000070a200000|  0%| F|  |TAMS 0x000000070a000000, 0x000000070a000000| Untracked 
|  52|0x000000070a200000, 0x000000070a200000, 0x000000070a400000|  0%| F|  |TAMS 0x000000070a200000, 0x000000070a200000| Untracked 
|  53|0x000000070a400000, 0x000000070a400000, 0x000000070a600000|  0%| F|  |TAMS 0x000000070a400000, 0x000000070a400000| Untracked 
|  54|0x000000070a600000, 0x000000070a600000, 0x000000070a800000|  0%| F|  |TAMS 0x000000070a600000, 0x000000070a600000| Untracked 
|  55|0x000000070a800000, 0x000000070a800000, 0x000000070aa00000|  0%| F|  |TAMS 0x000000070a800000, 0x000000070a800000| Untracked 
|  56|0x000000070aa00000, 0x000000070aa00000, 0x000000070ac00000|  0%| F|  |TAMS 0x000000070aa00000, 0x000000070aa00000| Untracked 
|  57|0x000000070ac00000, 0x000000070ac00000, 0x000000070ae00000|  0%| F|  |TAMS 0x000000070ac00000, 0x000000070ac00000| Untracked 
|  58|0x000000070ae00000, 0x000000070ae00000, 0x000000070b000000|  0%| F|  |TAMS 0x000000070ae00000, 0x000000070ae00000| Untracked 
|  59|0x000000070b000000, 0x000000070b000000, 0x000000070b200000|  0%| F|  |TAMS 0x000000070b000000, 0x000000070b000000| Untracked 
|  60|0x000000070b200000, 0x000000070b200000, 0x000000070b400000|  0%| F|  |TAMS 0x000000070b200000, 0x000000070b200000| Untracked 
|  61|0x000000070b400000, 0x000000070b400000, 0x000000070b600000|  0%| F|  |TAMS 0x000000070b400000, 0x000000070b400000| Untracked 
|  62|0x000000070b600000, 0x000000070b600000, 0x000000070b800000|  0%| F|  |TAMS 0x000000070b600000, 0x000000070b600000| Untracked 
|  63|0x000000070b800000, 0x000000070b800000, 0x000000070ba00000|  0%| F|  |TAMS 0x000000070b800000, 0x000000070b800000| Untracked 
|  64|0x000000070ba00000, 0x000000070ba00000, 0x000000070bc00000|  0%| F|  |TAMS 0x000000070ba00000, 0x000000070ba00000| Untracked 
|  65|0x000000070bc00000, 0x000000070bc00000, 0x000000070be00000|  0%| F|  |TAMS 0x000000070bc00000, 0x000000070bc00000| Untracked 
|  66|0x000000070be00000, 0x000000070be00000, 0x000000070c000000|  0%| F|  |TAMS 0x000000070be00000, 0x000000070be00000| Untracked 
|  67|0x000000070c000000, 0x000000070c000000, 0x000000070c200000|  0%| F|  |TAMS 0x000000070c000000, 0x000000070c000000| Untracked 
|  68|0x000000070c200000, 0x000000070c200000, 0x000000070c400000|  0%| F|  |TAMS 0x000000070c200000, 0x000000070c200000| Untracked 
|  69|0x000000070c400000, 0x000000070c400000, 0x000000070c600000|  0%| F|  |TAMS 0x000000070c400000, 0x000000070c400000| Untracked 
|  70|0x000000070c600000, 0x000000070c600000, 0x000000070c800000|  0%| F|  |TAMS 0x000000070c600000, 0x000000070c600000| Untracked 
|  71|0x000000070c800000, 0x000000070c800000, 0x000000070ca00000|  0%| F|  |TAMS 0x000000070c800000, 0x000000070c800000| Untracked 
|  72|0x000000070ca00000, 0x000000070ca00000, 0x000000070cc00000|  0%| F|  |TAMS 0x000000070ca00000, 0x000000070ca00000| Untracked 
|  73|0x000000070cc00000, 0x000000070cc00000, 0x000000070ce00000|  0%| F|  |TAMS 0x000000070cc00000, 0x000000070cc00000| Untracked 
|  74|0x000000070ce00000, 0x000000070ce00000, 0x000000070d000000|  0%| F|  |TAMS 0x000000070ce00000, 0x000000070ce00000| Untracked 
|  75|0x000000070d000000, 0x000000070d000000, 0x000000070d200000|  0%| F|  |TAMS 0x000000070d000000, 0x000000070d000000| Untracked 
|  76|0x000000070d200000, 0x000000070d200000, 0x000000070d400000|  0%| F|  |TAMS 0x000000070d200000, 0x000000070d200000| Untracked 
|  77|0x000000070d400000, 0x000000070d400000, 0x000000070d600000|  0%| F|  |TAMS 0x000000070d400000, 0x000000070d400000| Untracked 
|  78|0x000000070d600000, 0x000000070d600000, 0x000000070d800000|  0%| F|  |TAMS 0x000000070d600000, 0x000000070d600000| Untracked 
|  79|0x000000070d800000, 0x000000070d800000, 0x000000070da00000|  0%| F|  |TAMS 0x000000070d800000, 0x000000070d800000| Untracked 
|  80|0x000000070da00000, 0x000000070da00000, 0x000000070dc00000|  0%| F|  |TAMS 0x000000070da00000, 0x000000070da00000| Untracked 
|  81|0x000000070dc00000, 0x000000070dc00000, 0x000000070de00000|  0%| F|  |TAMS 0x000000070dc00000, 0x000000070dc00000| Untracked 
|  82|0x000000070de00000, 0x000000070de00000, 0x000000070e000000|  0%| F|  |TAMS 0x000000070de00000, 0x000000070de00000| Untracked 
|  83|0x000000070e000000, 0x000000070e000000, 0x000000070e200000|  0%| F|  |TAMS 0x000000070e000000, 0x000000070e000000| Untracked 
|  84|0x000000070e200000, 0x000000070e200000, 0x000000070e400000|  0%| F|  |TAMS 0x000000070e200000, 0x000000070e200000| Untracked 
|  85|0x000000070e400000, 0x000000070e400000, 0x000000070e600000|  0%| F|  |TAMS 0x000000070e400000, 0x000000070e400000| Untracked 
|  86|0x000000070e600000, 0x000000070e600000, 0x000000070e800000|  0%| F|  |TAMS 0x000000070e600000, 0x000000070e600000| Untracked 
|  87|0x000000070e800000, 0x000000070e800000, 0x000000070ea00000|  0%| F|  |TAMS 0x000000070e800000, 0x000000070e800000| Untracked 
|  88|0x000000070ea00000, 0x000000070ea00000, 0x000000070ec00000|  0%| F|  |TAMS 0x000000070ea00000, 0x000000070ea00000| Untracked 
|  89|0x000000070ec00000, 0x000000070ec00000, 0x000000070ee00000|  0%| F|  |TAMS 0x000000070ec00000, 0x000000070ec00000| Untracked 
|  90|0x000000070ee00000, 0x000000070ee00000, 0x000000070f000000|  0%| F|  |TAMS 0x000000070ee00000, 0x000000070ee00000| Untracked 
|  91|0x000000070f000000, 0x000000070f000000, 0x000000070f200000|  0%| F|  |TAMS 0x000000070f000000, 0x000000070f000000| Untracked 
|  92|0x000000070f200000, 0x000000070f200000, 0x000000070f400000|  0%| F|  |TAMS 0x000000070f200000, 0x000000070f200000| Untracked 
|  93|0x000000070f400000, 0x000000070f400000, 0x000000070f600000|  0%| F|  |TAMS 0x000000070f400000, 0x000000070f400000| Untracked 
|  94|0x000000070f600000, 0x000000070f600000, 0x000000070f800000|  0%| F|  |TAMS 0x000000070f600000, 0x000000070f600000| Untracked 
|  95|0x000000070f800000, 0x000000070f800000, 0x000000070fa00000|  0%| F|  |TAMS 0x000000070f800000, 0x000000070f800000| Untracked 
|  96|0x000000070fa00000, 0x000000070fa00000, 0x000000070fc00000|  0%| F|  |TAMS 0x000000070fa00000, 0x000000070fa00000| Untracked 
|  97|0x000000070fc00000, 0x000000070fc00000, 0x000000070fe00000|  0%| F|  |TAMS 0x000000070fc00000, 0x000000070fc00000| Untracked 
|  98|0x000000070fe00000, 0x000000070fe00000, 0x0000000710000000|  0%| F|  |TAMS 0x000000070fe00000, 0x000000070fe00000| Untracked 
|  99|0x0000000710000000, 0x0000000710000000, 0x0000000710200000|  0%| F|  |TAMS 0x0000000710000000, 0x0000000710000000| Untracked 
| 100|0x0000000710200000, 0x0000000710200000, 0x0000000710400000|  0%| F|  |TAMS 0x0000000710200000, 0x0000000710200000| Untracked 
| 101|0x0000000710400000, 0x0000000710400000, 0x0000000710600000|  0%| F|  |TAMS 0x0000000710400000, 0x0000000710400000| Untracked 
| 102|0x0000000710600000, 0x0000000710600000, 0x0000000710800000|  0%| F|  |TAMS 0x0000000710600000, 0x0000000710600000| Untracked 
| 103|0x0000000710800000, 0x0000000710800000, 0x0000000710a00000|  0%| F|  |TAMS 0x0000000710800000, 0x0000000710800000| Untracked 
| 104|0x0000000710a00000, 0x0000000710a00000, 0x0000000710c00000|  0%| F|  |TAMS 0x0000000710a00000, 0x0000000710a00000| Untracked 
| 105|0x0000000710c00000, 0x0000000710d7c508, 0x0000000710e00000| 74%| S|CS|TAMS 0x0000000710c00000, 0x0000000710c00000| Complete 
| 106|0x0000000710e00000, 0x0000000711000000, 0x0000000711000000|100%| S|CS|TAMS 0x0000000710e00000, 0x0000000710e00000| Complete 
| 107|0x0000000711000000, 0x0000000711200000, 0x0000000711200000|100%| S|CS|TAMS 0x0000000711000000, 0x0000000711000000| Complete 
| 108|0x0000000711200000, 0x0000000711400000, 0x0000000711400000|100%| S|CS|TAMS 0x0000000711200000, 0x0000000711200000| Complete 
| 109|0x0000000711400000, 0x0000000711600000, 0x0000000711600000|100%| S|CS|TAMS 0x0000000711400000, 0x0000000711400000| Complete 
| 110|0x0000000711600000, 0x0000000711800000, 0x0000000711800000|100%| S|CS|TAMS 0x0000000711600000, 0x0000000711600000| Complete 
| 111|0x0000000711800000, 0x0000000711800000, 0x0000000711a00000|  0%| F|  |TAMS 0x0000000711800000, 0x0000000711800000| Untracked 
| 112|0x0000000711a00000, 0x0000000711a00000, 0x0000000711c00000|  0%| F|  |TAMS 0x0000000711a00000, 0x0000000711a00000| Untracked 
| 113|0x0000000711c00000, 0x0000000711c00000, 0x0000000711e00000|  0%| F|  |TAMS 0x0000000711c00000, 0x0000000711c00000| Untracked 
| 114|0x0000000711e00000, 0x0000000711e00000, 0x0000000712000000|  0%| F|  |TAMS 0x0000000711e00000, 0x0000000711e00000| Untracked 
| 115|0x0000000712000000, 0x0000000712000000, 0x0000000712200000|  0%| F|  |TAMS 0x0000000712000000, 0x0000000712000000| Untracked 
| 116|0x0000000712200000, 0x0000000712200000, 0x0000000712400000|  0%| F|  |TAMS 0x0000000712200000, 0x0000000712200000| Untracked 
| 117|0x0000000712400000, 0x0000000712400000, 0x0000000712600000|  0%| F|  |TAMS 0x0000000712400000, 0x0000000712400000| Untracked 
| 118|0x0000000712600000, 0x0000000712600000, 0x0000000712800000|  0%| F|  |TAMS 0x0000000712600000, 0x0000000712600000| Untracked 
| 119|0x0000000712800000, 0x0000000712800000, 0x0000000712a00000|  0%| F|  |TAMS 0x0000000712800000, 0x0000000712800000| Untracked 
| 120|0x0000000712a00000, 0x0000000712a00000, 0x0000000712c00000|  0%| F|  |TAMS 0x0000000712a00000, 0x0000000712a00000| Untracked 
| 121|0x0000000712c00000, 0x0000000712c00000, 0x0000000712e00000|  0%| F|  |TAMS 0x0000000712c00000, 0x0000000712c00000| Untracked 
| 122|0x0000000712e00000, 0x0000000712e00000, 0x0000000713000000|  0%| F|  |TAMS 0x0000000712e00000, 0x0000000712e00000| Untracked 
| 123|0x0000000713000000, 0x0000000713000000, 0x0000000713200000|  0%| F|  |TAMS 0x0000000713000000, 0x0000000713000000| Untracked 
| 124|0x0000000713200000, 0x0000000713200000, 0x0000000713400000|  0%| F|  |TAMS 0x0000000713200000, 0x0000000713200000| Untracked 
| 125|0x0000000713400000, 0x0000000713400000, 0x0000000713600000|  0%| F|  |TAMS 0x0000000713400000, 0x0000000713400000| Untracked 
| 126|0x0000000713600000, 0x0000000713600000, 0x0000000713800000|  0%| F|  |TAMS 0x0000000713600000, 0x0000000713600000| Untracked 
| 127|0x0000000713800000, 0x0000000713800000, 0x0000000713a00000|  0%| F|  |TAMS 0x0000000713800000, 0x0000000713800000| Untracked 
| 128|0x0000000713a00000, 0x0000000713a00000, 0x0000000713c00000|  0%| F|  |TAMS 0x0000000713a00000, 0x0000000713a00000| Untracked 
| 129|0x0000000713c00000, 0x0000000713c00000, 0x0000000713e00000|  0%| F|  |TAMS 0x0000000713c00000, 0x0000000713c00000| Untracked 
| 130|0x0000000713e00000, 0x0000000713e00000, 0x0000000714000000|  0%| F|  |TAMS 0x0000000713e00000, 0x0000000713e00000| Untracked 
| 131|0x0000000714000000, 0x0000000714000000, 0x0000000714200000|  0%| F|  |TAMS 0x0000000714000000, 0x0000000714000000| Untracked 
| 132|0x0000000714200000, 0x0000000714200000, 0x0000000714400000|  0%| F|  |TAMS 0x0000000714200000, 0x0000000714200000| Untracked 
| 133|0x0000000714400000, 0x0000000714400000, 0x0000000714600000|  0%| F|  |TAMS 0x0000000714400000, 0x0000000714400000| Untracked 
| 134|0x0000000714600000, 0x0000000714600000, 0x0000000714800000|  0%| F|  |TAMS 0x0000000714600000, 0x0000000714600000| Untracked 
| 135|0x0000000714800000, 0x0000000714800000, 0x0000000714a00000|  0%| F|  |TAMS 0x0000000714800000, 0x0000000714800000| Untracked 
| 136|0x0000000714a00000, 0x0000000714a00000, 0x0000000714c00000|  0%| F|  |TAMS 0x0000000714a00000, 0x0000000714a00000| Untracked 
| 137|0x0000000714c00000, 0x0000000714c00000, 0x0000000714e00000|  0%| F|  |TAMS 0x0000000714c00000, 0x0000000714c00000| Untracked 
| 138|0x0000000714e00000, 0x0000000714e00000, 0x0000000715000000|  0%| F|  |TAMS 0x0000000714e00000, 0x0000000714e00000| Untracked 
| 139|0x0000000715000000, 0x0000000715000000, 0x0000000715200000|  0%| F|  |TAMS 0x0000000715000000, 0x0000000715000000| Untracked 
| 140|0x0000000715200000, 0x0000000715200000, 0x0000000715400000|  0%| F|  |TAMS 0x0000000715200000, 0x0000000715200000| Untracked 
| 141|0x0000000715400000, 0x0000000715400000, 0x0000000715600000|  0%| F|  |TAMS 0x0000000715400000, 0x0000000715400000| Untracked 
| 142|0x0000000715600000, 0x0000000715600000, 0x0000000715800000|  0%| F|  |TAMS 0x0000000715600000, 0x0000000715600000| Untracked 
| 143|0x0000000715800000, 0x0000000715800000, 0x0000000715a00000|  0%| F|  |TAMS 0x0000000715800000, 0x0000000715800000| Untracked 
| 144|0x0000000715a00000, 0x0000000715a00000, 0x0000000715c00000|  0%| F|  |TAMS 0x0000000715a00000, 0x0000000715a00000| Untracked 
| 145|0x0000000715c00000, 0x0000000715c00000, 0x0000000715e00000|  0%| F|  |TAMS 0x0000000715c00000, 0x0000000715c00000| Untracked 
| 146|0x0000000715e00000, 0x0000000715e00000, 0x0000000716000000|  0%| F|  |TAMS 0x0000000715e00000, 0x0000000715e00000| Untracked 
| 147|0x0000000716000000, 0x0000000716000000, 0x0000000716200000|  0%| F|  |TAMS 0x0000000716000000, 0x0000000716000000| Untracked 
| 148|0x0000000716200000, 0x0000000716200000, 0x0000000716400000|  0%| F|  |TAMS 0x0000000716200000, 0x0000000716200000| Untracked 
| 149|0x0000000716400000, 0x0000000716400000, 0x0000000716600000|  0%| F|  |TAMS 0x0000000716400000, 0x0000000716400000| Untracked 
| 150|0x0000000716600000, 0x0000000716600000, 0x0000000716800000|  0%| F|  |TAMS 0x0000000716600000, 0x0000000716600000| Untracked 
| 151|0x0000000716800000, 0x0000000716800000, 0x0000000716a00000|  0%| F|  |TAMS 0x0000000716800000, 0x0000000716800000| Untracked 
| 152|0x0000000716a00000, 0x0000000716a00000, 0x0000000716c00000|  0%| F|  |TAMS 0x0000000716a00000, 0x0000000716a00000| Untracked 
| 153|0x0000000716c00000, 0x0000000716c00000, 0x0000000716e00000|  0%| F|  |TAMS 0x0000000716c00000, 0x0000000716c00000| Untracked 
| 154|0x0000000716e00000, 0x0000000716e00000, 0x0000000717000000|  0%| F|  |TAMS 0x0000000716e00000, 0x0000000716e00000| Untracked 
| 155|0x0000000717000000, 0x0000000717000000, 0x0000000717200000|  0%| F|  |TAMS 0x0000000717000000, 0x0000000717000000| Untracked 
| 156|0x0000000717200000, 0x0000000717200000, 0x0000000717400000|  0%| F|  |TAMS 0x0000000717200000, 0x0000000717200000| Untracked 
| 157|0x0000000717400000, 0x0000000717400000, 0x0000000717600000|  0%| F|  |TAMS 0x0000000717400000, 0x0000000717400000| Untracked 
| 158|0x0000000717600000, 0x0000000717600000, 0x0000000717800000|  0%| F|  |TAMS 0x0000000717600000, 0x0000000717600000| Untracked 
| 159|0x0000000717800000, 0x0000000717800000, 0x0000000717a00000|  0%| F|  |TAMS 0x0000000717800000, 0x0000000717800000| Untracked 
| 160|0x0000000717a00000, 0x0000000717a00000, 0x0000000717c00000|  0%| F|  |TAMS 0x0000000717a00000, 0x0000000717a00000| Untracked 
| 161|0x0000000717c00000, 0x0000000717c00000, 0x0000000717e00000|  0%| F|  |TAMS 0x0000000717c00000, 0x0000000717c00000| Untracked 
| 162|0x0000000717e00000, 0x0000000717e00000, 0x0000000718000000|  0%| F|  |TAMS 0x0000000717e00000, 0x0000000717e00000| Untracked 
| 163|0x0000000718000000, 0x0000000718000000, 0x0000000718200000|  0%| F|  |TAMS 0x0000000718000000, 0x0000000718000000| Untracked 
| 164|0x0000000718200000, 0x0000000718200000, 0x0000000718400000|  0%| F|  |TAMS 0x0000000718200000, 0x0000000718200000| Untracked 
| 165|0x0000000718400000, 0x0000000718400000, 0x0000000718600000|  0%| F|  |TAMS 0x0000000718400000, 0x0000000718400000| Untracked 
| 166|0x0000000718600000, 0x0000000718600000, 0x0000000718800000|  0%| F|  |TAMS 0x0000000718600000, 0x0000000718600000| Untracked 
| 167|0x0000000718800000, 0x0000000718800000, 0x0000000718a00000|  0%| F|  |TAMS 0x0000000718800000, 0x0000000718800000| Untracked 
| 168|0x0000000718a00000, 0x0000000718a00000, 0x0000000718c00000|  0%| F|  |TAMS 0x0000000718a00000, 0x0000000718a00000| Untracked 
| 169|0x0000000718c00000, 0x0000000718c00000, 0x0000000718e00000|  0%| F|  |TAMS 0x0000000718c00000, 0x0000000718c00000| Untracked 
| 170|0x0000000718e00000, 0x0000000718e00000, 0x0000000719000000|  0%| F|  |TAMS 0x0000000718e00000, 0x0000000718e00000| Untracked 
| 171|0x0000000719000000, 0x0000000719000000, 0x0000000719200000|  0%| F|  |TAMS 0x0000000719000000, 0x0000000719000000| Untracked 
| 172|0x0000000719200000, 0x0000000719200000, 0x0000000719400000|  0%| F|  |TAMS 0x0000000719200000, 0x0000000719200000| Untracked 
| 173|0x0000000719400000, 0x0000000719400000, 0x0000000719600000|  0%| F|  |TAMS 0x0000000719400000, 0x0000000719400000| Untracked 
| 174|0x0000000719600000, 0x0000000719600000, 0x0000000719800000|  0%| F|  |TAMS 0x0000000719600000, 0x0000000719600000| Untracked 
| 175|0x0000000719800000, 0x0000000719800000, 0x0000000719a00000|  0%| F|  |TAMS 0x0000000719800000, 0x0000000719800000| Untracked 
| 176|0x0000000719a00000, 0x0000000719a00000, 0x0000000719c00000|  0%| F|  |TAMS 0x0000000719a00000, 0x0000000719a00000| Untracked 
| 177|0x0000000719c00000, 0x0000000719c00000, 0x0000000719e00000|  0%| F|  |TAMS 0x0000000719c00000, 0x0000000719c00000| Untracked 
| 178|0x0000000719e00000, 0x0000000719e00000, 0x000000071a000000|  0%| F|  |TAMS 0x0000000719e00000, 0x0000000719e00000| Untracked 
| 179|0x000000071a000000, 0x000000071a000000, 0x000000071a200000|  0%| F|  |TAMS 0x000000071a000000, 0x000000071a000000| Untracked 
| 180|0x000000071a200000, 0x000000071a200000, 0x000000071a400000|  0%| F|  |TAMS 0x000000071a200000, 0x000000071a200000| Untracked 
| 181|0x000000071a400000, 0x000000071a400000, 0x000000071a600000|  0%| F|  |TAMS 0x000000071a400000, 0x000000071a400000| Untracked 
| 182|0x000000071a600000, 0x000000071a67faa0, 0x000000071a800000| 24%| E|  |TAMS 0x000000071a600000, 0x000000071a600000| Complete 
| 183|0x000000071a800000, 0x000000071aa00000, 0x000000071aa00000|100%| E|CS|TAMS 0x000000071a800000, 0x000000071a800000| Complete 
| 184|0x000000071aa00000, 0x000000071ac00000, 0x000000071ac00000|100%| E|CS|TAMS 0x000000071aa00000, 0x000000071aa00000| Complete 
| 185|0x000000071ac00000, 0x000000071ae00000, 0x000000071ae00000|100%| E|CS|TAMS 0x000000071ac00000, 0x000000071ac00000| Complete 
| 186|0x000000071ae00000, 0x000000071b000000, 0x000000071b000000|100%| E|CS|TAMS 0x000000071ae00000, 0x000000071ae00000| Complete 
| 187|0x000000071b000000, 0x000000071b200000, 0x000000071b200000|100%| E|CS|TAMS 0x000000071b000000, 0x000000071b000000| Complete 
| 188|0x000000071b200000, 0x000000071b400000, 0x000000071b400000|100%| E|CS|TAMS 0x000000071b200000, 0x000000071b200000| Complete 
| 189|0x000000071b400000, 0x000000071b600000, 0x000000071b600000|100%| E|CS|TAMS 0x000000071b400000, 0x000000071b400000| Complete 
| 190|0x000000071b600000, 0x000000071b800000, 0x000000071b800000|100%| E|CS|TAMS 0x000000071b600000, 0x000000071b600000| Complete 
| 191|0x000000071b800000, 0x000000071ba00000, 0x000000071ba00000|100%| E|CS|TAMS 0x000000071b800000, 0x000000071b800000| Complete 
| 192|0x000000071ba00000, 0x000000071bc00000, 0x000000071bc00000|100%| E|CS|TAMS 0x000000071ba00000, 0x000000071ba00000| Complete 
| 193|0x000000071bc00000, 0x000000071be00000, 0x000000071be00000|100%| E|CS|TAMS 0x000000071bc00000, 0x000000071bc00000| Complete 
| 194|0x000000071be00000, 0x000000071c000000, 0x000000071c000000|100%| E|CS|TAMS 0x000000071be00000, 0x000000071be00000| Complete 
| 195|0x000000071c000000, 0x000000071c200000, 0x000000071c200000|100%| E|CS|TAMS 0x000000071c000000, 0x000000071c000000| Complete 
| 196|0x000000071c200000, 0x000000071c400000, 0x000000071c400000|100%| E|CS|TAMS 0x000000071c200000, 0x000000071c200000| Complete 
| 197|0x000000071c400000, 0x000000071c600000, 0x000000071c600000|100%| E|CS|TAMS 0x000000071c400000, 0x000000071c400000| Complete 
| 198|0x000000071c600000, 0x000000071c800000, 0x000000071c800000|100%| E|CS|TAMS 0x000000071c600000, 0x000000071c600000| Complete 
| 199|0x000000071c800000, 0x000000071ca00000, 0x000000071ca00000|100%| E|CS|TAMS 0x000000071c800000, 0x000000071c800000| Complete 
| 200|0x000000071ca00000, 0x000000071cc00000, 0x000000071cc00000|100%| E|CS|TAMS 0x000000071ca00000, 0x000000071ca00000| Complete 
| 201|0x000000071cc00000, 0x000000071ce00000, 0x000000071ce00000|100%| E|CS|TAMS 0x000000071cc00000, 0x000000071cc00000| Complete 
| 202|0x000000071ce00000, 0x000000071d000000, 0x000000071d000000|100%| E|CS|TAMS 0x000000071ce00000, 0x000000071ce00000| Complete 
| 203|0x000000071d000000, 0x000000071d200000, 0x000000071d200000|100%| E|CS|TAMS 0x000000071d000000, 0x000000071d000000| Complete 
| 204|0x000000071d200000, 0x000000071d400000, 0x000000071d400000|100%| E|CS|TAMS 0x000000071d200000, 0x000000071d200000| Complete 
| 205|0x000000071d400000, 0x000000071d600000, 0x000000071d600000|100%| E|CS|TAMS 0x000000071d400000, 0x000000071d400000| Complete 
| 206|0x000000071d600000, 0x000000071d800000, 0x000000071d800000|100%| E|CS|TAMS 0x000000071d600000, 0x000000071d600000| Complete 
| 207|0x000000071d800000, 0x000000071da00000, 0x000000071da00000|100%| E|CS|TAMS 0x000000071d800000, 0x000000071d800000| Complete 
| 208|0x000000071da00000, 0x000000071dc00000, 0x000000071dc00000|100%| E|CS|TAMS 0x000000071da00000, 0x000000071da00000| Complete 
| 209|0x000000071dc00000, 0x000000071de00000, 0x000000071de00000|100%| E|CS|TAMS 0x000000071dc00000, 0x000000071dc00000| Complete 
| 210|0x000000071de00000, 0x000000071e000000, 0x000000071e000000|100%| E|CS|TAMS 0x000000071de00000, 0x000000071de00000| Complete 
| 211|0x000000071e000000, 0x000000071e200000, 0x000000071e200000|100%| E|CS|TAMS 0x000000071e000000, 0x000000071e000000| Complete 
| 212|0x000000071e200000, 0x000000071e400000, 0x000000071e400000|100%| E|CS|TAMS 0x000000071e200000, 0x000000071e200000| Complete 
| 213|0x000000071e400000, 0x000000071e600000, 0x000000071e600000|100%| E|CS|TAMS 0x000000071e400000, 0x000000071e400000| Complete 
| 214|0x000000071e600000, 0x000000071e800000, 0x000000071e800000|100%| E|CS|TAMS 0x000000071e600000, 0x000000071e600000| Complete 
| 215|0x000000071e800000, 0x000000071ea00000, 0x000000071ea00000|100%| E|CS|TAMS 0x000000071e800000, 0x000000071e800000| Complete 
| 216|0x000000071ea00000, 0x000000071ec00000, 0x000000071ec00000|100%| E|CS|TAMS 0x000000071ea00000, 0x000000071ea00000| Complete 
| 217|0x000000071ec00000, 0x000000071ee00000, 0x000000071ee00000|100%| E|CS|TAMS 0x000000071ec00000, 0x000000071ec00000| Complete 
| 218|0x000000071ee00000, 0x000000071f000000, 0x000000071f000000|100%| E|CS|TAMS 0x000000071ee00000, 0x000000071ee00000| Complete 
| 219|0x000000071f000000, 0x000000071f200000, 0x000000071f200000|100%| E|  |TAMS 0x000000071f000000, 0x000000071f000000| Complete 
| 220|0x000000071f200000, 0x000000071f400000, 0x000000071f400000|100%| E|CS|TAMS 0x000000071f200000, 0x000000071f200000| Complete 
| 221|0x000000071f400000, 0x000000071f600000, 0x000000071f600000|100%| E|CS|TAMS 0x000000071f400000, 0x000000071f400000| Complete 
| 222|0x000000071f600000, 0x000000071f800000, 0x000000071f800000|100%| E|CS|TAMS 0x000000071f600000, 0x000000071f600000| Complete 
| 223|0x000000071f800000, 0x000000071fa00000, 0x000000071fa00000|100%| E|CS|TAMS 0x000000071f800000, 0x000000071f800000| Complete 
| 224|0x000000071fa00000, 0x000000071fc00000, 0x000000071fc00000|100%| E|CS|TAMS 0x000000071fa00000, 0x000000071fa00000| Complete 
| 225|0x000000071fc00000, 0x000000071fe00000, 0x000000071fe00000|100%| E|CS|TAMS 0x000000071fc00000, 0x000000071fc00000| Complete 
| 226|0x000000071fe00000, 0x0000000720000000, 0x0000000720000000|100%| E|CS|TAMS 0x000000071fe00000, 0x000000071fe00000| Complete 
| 227|0x0000000720000000, 0x0000000720200000, 0x0000000720200000|100%| E|CS|TAMS 0x0000000720000000, 0x0000000720000000| Complete 
| 228|0x0000000720200000, 0x0000000720400000, 0x0000000720400000|100%| E|CS|TAMS 0x0000000720200000, 0x0000000720200000| Complete 
| 229|0x0000000720400000, 0x0000000720600000, 0x0000000720600000|100%| E|CS|TAMS 0x0000000720400000, 0x0000000720400000| Complete 
| 230|0x0000000720600000, 0x0000000720800000, 0x0000000720800000|100%| E|CS|TAMS 0x0000000720600000, 0x0000000720600000| Complete 
| 231|0x0000000720800000, 0x0000000720a00000, 0x0000000720a00000|100%| E|CS|TAMS 0x0000000720800000, 0x0000000720800000| Complete 
| 232|0x0000000720a00000, 0x0000000720c00000, 0x0000000720c00000|100%| E|CS|TAMS 0x0000000720a00000, 0x0000000720a00000| Complete 
| 233|0x0000000720c00000, 0x0000000720e00000, 0x0000000720e00000|100%| E|CS|TAMS 0x0000000720c00000, 0x0000000720c00000| Complete 
| 234|0x0000000720e00000, 0x0000000721000000, 0x0000000721000000|100%| E|CS|TAMS 0x0000000720e00000, 0x0000000720e00000| Complete 
| 235|0x0000000721000000, 0x0000000721200000, 0x0000000721200000|100%| E|CS|TAMS 0x0000000721000000, 0x0000000721000000| Complete 
| 236|0x0000000721200000, 0x0000000721400000, 0x0000000721400000|100%| E|CS|TAMS 0x0000000721200000, 0x0000000721200000| Complete 
| 237|0x0000000721400000, 0x0000000721600000, 0x0000000721600000|100%| E|CS|TAMS 0x0000000721400000, 0x0000000721400000| Complete 
| 238|0x0000000721600000, 0x0000000721800000, 0x0000000721800000|100%| E|CS|TAMS 0x0000000721600000, 0x0000000721600000| Complete 
| 239|0x0000000721800000, 0x0000000721a00000, 0x0000000721a00000|100%| E|CS|TAMS 0x0000000721800000, 0x0000000721800000| Complete 
| 240|0x0000000721a00000, 0x0000000721c00000, 0x0000000721c00000|100%| E|CS|TAMS 0x0000000721a00000, 0x0000000721a00000| Complete 
| 241|0x0000000721c00000, 0x0000000721e00000, 0x0000000721e00000|100%| E|CS|TAMS 0x0000000721c00000, 0x0000000721c00000| Complete 
| 242|0x0000000721e00000, 0x0000000722000000, 0x0000000722000000|100%| E|CS|TAMS 0x0000000721e00000, 0x0000000721e00000| Complete 
| 243|0x0000000722000000, 0x0000000722200000, 0x0000000722200000|100%| E|CS|TAMS 0x0000000722000000, 0x0000000722000000| Complete 
| 244|0x0000000722200000, 0x0000000722400000, 0x0000000722400000|100%| E|CS|TAMS 0x0000000722200000, 0x0000000722200000| Complete 
| 245|0x0000000722400000, 0x0000000722600000, 0x0000000722600000|100%| E|CS|TAMS 0x0000000722400000, 0x0000000722400000| Complete 
| 246|0x0000000722600000, 0x0000000722800000, 0x0000000722800000|100%| E|CS|TAMS 0x0000000722600000, 0x0000000722600000| Complete 
| 247|0x0000000722800000, 0x0000000722a00000, 0x0000000722a00000|100%| E|CS|TAMS 0x0000000722800000, 0x0000000722800000| Complete 
| 248|0x0000000722a00000, 0x0000000722c00000, 0x0000000722c00000|100%| E|CS|TAMS 0x0000000722a00000, 0x0000000722a00000| Complete 
| 249|0x0000000722c00000, 0x0000000722e00000, 0x0000000722e00000|100%| E|CS|TAMS 0x0000000722c00000, 0x0000000722c00000| Complete 
| 250|0x0000000722e00000, 0x0000000723000000, 0x0000000723000000|100%| E|CS|TAMS 0x0000000722e00000, 0x0000000722e00000| Complete 
| 251|0x0000000723000000, 0x0000000723200000, 0x0000000723200000|100%| E|CS|TAMS 0x0000000723000000, 0x0000000723000000| Complete 
| 252|0x0000000723200000, 0x0000000723400000, 0x0000000723400000|100%| E|CS|TAMS 0x0000000723200000, 0x0000000723200000| Complete 
| 253|0x0000000723400000, 0x0000000723600000, 0x0000000723600000|100%| E|CS|TAMS 0x0000000723400000, 0x0000000723400000| Complete 
| 254|0x0000000723600000, 0x0000000723800000, 0x0000000723800000|100%| E|CS|TAMS 0x0000000723600000, 0x0000000723600000| Complete 
| 255|0x0000000723800000, 0x0000000723a00000, 0x0000000723a00000|100%| E|CS|TAMS 0x0000000723800000, 0x0000000723800000| Complete 
| 256|0x0000000723a00000, 0x0000000723c00000, 0x0000000723c00000|100%| E|CS|TAMS 0x0000000723a00000, 0x0000000723a00000| Complete 
| 257|0x0000000723c00000, 0x0000000723e00000, 0x0000000723e00000|100%| E|CS|TAMS 0x0000000723c00000, 0x0000000723c00000| Complete 
| 258|0x0000000723e00000, 0x0000000724000000, 0x0000000724000000|100%| E|CS|TAMS 0x0000000723e00000, 0x0000000723e00000| Complete 
| 259|0x0000000724000000, 0x0000000724200000, 0x0000000724200000|100%| E|CS|TAMS 0x0000000724000000, 0x0000000724000000| Complete 
| 260|0x0000000724200000, 0x0000000724400000, 0x0000000724400000|100%| E|CS|TAMS 0x0000000724200000, 0x0000000724200000| Complete 
| 261|0x0000000724400000, 0x0000000724600000, 0x0000000724600000|100%| E|CS|TAMS 0x0000000724400000, 0x0000000724400000| Complete 
| 262|0x0000000724600000, 0x0000000724800000, 0x0000000724800000|100%| E|CS|TAMS 0x0000000724600000, 0x0000000724600000| Complete 

Card table byte_map: [0x00000217ccdb0000,0x00000217cd5a0000] _byte_map_base: 0x00000217c9593000

Marking Bits (Prev, Next): (CMBitMap*) 0x00000217b4d10b80, (CMBitMap*) 0x00000217b4d10bc0
 Prev Bits: [0x00000217cdd90000, 0x00000217d1ca8000)
 Next Bits: [0x00000217d1cb0000, 0x00000217d5bc8000)

Polling page: 0x00000217b34a0000

Metaspace:

Usage:
  Non-class:     88.79 MB used.
      Class:     13.65 MB used.
       Both:    102.45 MB used.

Virtual space:
  Non-class space:      128.00 MB reserved,      89.19 MB ( 70%) committed,  2 nodes.
      Class space:        1.00 GB reserved,      14.00 MB (  1%) committed,  1 nodes.
             Both:        1.12 GB reserved,     103.19 MB (  9%) committed. 

Chunk freelists:
   Non-Class:  6.78 MB
       Class:  1.98 MB
        Both:  8.76 MB

MaxMetaspaceSize: unlimited
CompressedClassSpaceSize: 1.00 GB
Initial GC threshold: 21.00 MB
Current GC threshold: 129.31 MB
CDS: on
MetaspaceReclaimPolicy: balanced
 - commit_granule_bytes: 65536.
 - commit_granule_words: 8192.
 - virtual_space_node_default_size: 8388608.
 - enlarge_chunks_in_place: 1.
 - new_chunks_are_fully_committed: 0.
 - uncommit_free_chunks: 1.
 - use_allocation_guard: 0.
 - handle_deallocations: 1.


Internal statistics:

num_allocs_failed_limit: 12.
num_arena_births: 1032.
num_arena_deaths: 0.
num_vsnodes_births: 3.
num_vsnodes_deaths: 0.
num_space_committed: 1651.
num_space_uncommitted: 0.
num_chunks_returned_to_freelist: 12.
num_chunks_taken_from_freelist: 4714.
num_chunk_merges: 9.
num_chunk_splits: 3389.
num_chunks_enlarged: 2630.
num_inconsistent_stats: 0.

CodeHeap 'non-profiled nmethods': size=119168Kb used=10878Kb max_used=10878Kb free=108289Kb
 bounds [0x00000217c41b0000, 0x00000217c4c50000, 0x00000217cb610000]
CodeHeap 'profiled nmethods': size=119104Kb used=23090Kb max_used=23090Kb free=96013Kb
 bounds [0x00000217bc610000, 0x00000217bdca0000, 0x00000217c3a60000]
CodeHeap 'non-nmethods': size=7488Kb used=1476Kb max_used=3193Kb free=6011Kb
 bounds [0x00000217c3a60000, 0x00000217c3d90000, 0x00000217c41b0000]
 total_blobs=12842 nmethods=12023 adapters=730
 compilation: enabled
              stopped_count=0, restarted_count=0
 full_count=0

Compilation events (20 events):
Event: 2291.346 Thread 0x000002181aa19410 14721       3       org.hibernate.type.descriptor.java.IntegerJavaType::wrap (7 bytes)
Event: 2291.346 Thread 0x000002181aa19410 nmethod 14721 0x00000217bdc96f90 code [0x00000217bdc97140, 0x00000217bdc97288]
Event: 2291.347 Thread 0x000002181aa19410 14722       3       org.hibernate.type.descriptor.java.IntegerJavaType::wrap (60 bytes)
Event: 2291.347 Thread 0x00000217d8095340 nmethod 14727 0x00000217bdc97390 code [0x00000217bdc97540, 0x00000217bdc977b8]
Event: 2291.347 Thread 0x00000217d8095340 14729       3       com.mysql.cj.protocol.a.NativeProtocol::checkTransactionState (40 bytes)
Event: 2291.347 Thread 0x00000217d8095340 nmethod 14729 0x00000217bdc97890 code [0x00000217bdc97a60, 0x00000217bdc97e58]
Event: 2291.347 Thread 0x00000217d8095340 14723       3       jdk.internal.reflect.UnsafeIntegerFieldAccessorImpl::set (136 bytes)
Event: 2291.347 Thread 0x000002181aa19410 nmethod 14722 0x00000217bdc98010 code [0x00000217bdc98280, 0x00000217bdc99078]
Event: 2291.347 Thread 0x000002181aa19410 14725       3       org.hibernate.internal.util.collections.CollectionHelper::mapOfSize (14 bytes)
Event: 2291.347 Thread 0x00000217d8095340 nmethod 14723 0x00000217bdc99390 code [0x00000217bdc996c0, 0x00000217bdc9b128]
Event: 2291.347 Thread 0x00000217d8095340 14724       1       org.springframework.transaction.interceptor.TransactionAspectSupport::getTransactionAttributeSource (5 bytes)
Event: 2291.347 Thread 0x000002181aa19410 nmethod 14725 0x00000217bdc9b690 code [0x00000217bdc9b880, 0x00000217bdc9bb48]
Event: 2291.348 Thread 0x00000217d8095340 nmethod 14724 0x00000217c4c4f590 code [0x00000217c4c4f720, 0x00000217c4c4f7f8]
Event: 2325.897 Thread 0x00000217d8095340 14730       3       com.newrelic.agent.deps.org.apache.http.impl.conn.LoggingManagedHttpClientConnection::setSocketTimeout (53 bytes)
Event: 2325.898 Thread 0x00000217d8095340 nmethod 14730 0x00000217bdc9bc90 code [0x00000217bdc9be80, 0x00000217bdc9c388]
Event: 2325.898 Thread 0x00000217d8095340 14731   !   3       com.newrelic.agent.deps.org.apache.http.impl.BHttpConnectionBase::setSocketTimeout (25 bytes)
Event: 2325.898 Thread 0x00000217d8095340 nmethod 14731 0x00000217bdc9c590 code [0x00000217bdc9c740, 0x00000217bdc9cac8]
Event: 2326.312 Thread 0x00000217d8095340 14732       3       java.nio.charset.CharsetEncoder::replaceWith (89 bytes)
Event: 2326.314 Thread 0x00000217d8095340 nmethod 14732 0x00000217bdc9cc10 code [0x00000217bdc9ce40, 0x00000217bdc9d5c8]
Event: 2326.315 Thread 0x00000217d807cc70 14733       4       jdk.internal.math.FloatingDecimal$BinaryToASCIIBuffer::dtoa (1509 bytes)

GC Heap History (20 events):
Event: 7.089 GC heap before
{Heap before GC invocations=17 (full 0):
 garbage-first heap   total 425984K, used 86354K [0x0000000703a00000, 0x0000000800000000)
  region size 2048K, 15 young (30720K), 6 survivors (12288K)
 Metaspace       used 60455K, committed 60928K, reserved 1114112K
  class space    used 7570K, committed 7808K, reserved 1048576K
}
Event: 7.094 GC heap after
{Heap after GC invocations=18 (full 0):
 garbage-first heap   total 425984K, used 70634K [0x0000000703a00000, 0x0000000800000000)
  region size 2048K, 7 young (14336K), 7 survivors (14336K)
 Metaspace       used 60455K, committed 60928K, reserved 1114112K
  class space    used 7570K, committed 7808K, reserved 1048576K
}
Event: 7.699 GC heap before
{Heap before GC invocations=19 (full 0):
 garbage-first heap   total 260096K, used 211946K [0x0000000703a00000, 0x0000000800000000)
  region size 2048K, 76 young (155648K), 7 survivors (14336K)
 Metaspace       used 69031K, committed 69568K, reserved 1114112K
  class space    used 8901K, committed 9152K, reserved 1048576K
}
Event: 7.705 GC heap after
{Heap after GC invocations=20 (full 0):
 garbage-first heap   total 260096K, used 74069K [0x0000000703a00000, 0x0000000800000000)
  region size 2048K, 6 young (12288K), 6 survivors (12288K)
 Metaspace       used 69031K, committed 69568K, reserved 1114112K
  class space    used 8901K, committed 9152K, reserved 1048576K
}
Event: 7.712 GC heap before
{Heap before GC invocations=20 (full 0):
 garbage-first heap   total 260096K, used 76117K [0x0000000703a00000, 0x0000000800000000)
  region size 2048K, 7 young (14336K), 6 survivors (12288K)
 Metaspace       used 69133K, committed 69696K, reserved 1114112K
  class space    used 8913K, committed 9152K, reserved 1048576K
}
Event: 7.716 GC heap after
{Heap after GC invocations=21 (full 0):
 garbage-first heap   total 260096K, used 74776K [0x0000000703a00000, 0x0000000800000000)
  region size 2048K, 1 young (2048K), 1 survivors (2048K)
 Metaspace       used 69133K, committed 69696K, reserved 1114112K
  class space    used 8913K, committed 9152K, reserved 1048576K
}
Event: 8.450 GC heap before
{Heap before GC invocations=21 (full 0):
 garbage-first heap   total 260096K, used 211992K [0x0000000703a00000, 0x0000000800000000)
  region size 2048K, 69 young (141312K), 1 survivors (2048K)
 Metaspace       used 78459K, committed 79104K, reserved 1179648K
  class space    used 10284K, committed 10624K, reserved 1048576K
}
Event: 8.453 GC heap after
{Heap after GC invocations=22 (full 0):
 garbage-first heap   total 260096K, used 74690K [0x0000000703a00000, 0x0000000800000000)
  region size 2048K, 1 young (2048K), 1 survivors (2048K)
 Metaspace       used 78459K, committed 79104K, reserved 1179648K
  class space    used 10284K, committed 10624K, reserved 1048576K
}
Event: 9.274 GC heap before
{Heap before GC invocations=23 (full 0):
 garbage-first heap   total 260096K, used 216002K [0x0000000703a00000, 0x0000000800000000)
  region size 2048K, 70 young (143360K), 1 survivors (2048K)
 Metaspace       used 86536K, committed 87168K, reserved 1179648K
  class space    used 11595K, committed 11904K, reserved 1048576K
}
Event: 9.279 GC heap after
{Heap after GC invocations=24 (full 0):
 garbage-first heap   total 260096K, used 78852K [0x0000000703a00000, 0x0000000800000000)
  region size 2048K, 3 young (6144K), 3 survivors (6144K)
 Metaspace       used 86536K, committed 87168K, reserved 1179648K
  class space    used 11595K, committed 11904K, reserved 1048576K
}
Event: 9.309 GC heap before
{Heap before GC invocations=24 (full 0):
 garbage-first heap   total 260096K, used 84996K [0x0000000703a00000, 0x0000000800000000)
  region size 2048K, 6 young (12288K), 3 survivors (6144K)
 Metaspace       used 86564K, committed 87168K, reserved 1179648K
  class space    used 11595K, committed 11904K, reserved 1048576K
}
Event: 9.313 GC heap after
{Heap after GC invocations=25 (full 0):
 garbage-first heap   total 260096K, used 78307K [0x0000000703a00000, 0x0000000800000000)
  region size 2048K, 1 young (2048K), 1 survivors (2048K)
 Metaspace       used 86564K, committed 87168K, reserved 1179648K
  class space    used 11595K, committed 11904K, reserved 1048576K
}
Event: 9.825 GC heap before
{Heap before GC invocations=25 (full 0):
 garbage-first heap   total 260096K, used 215523K [0x0000000703a00000, 0x0000000800000000)
  region size 2048K, 68 young (139264K), 1 survivors (2048K)
 Metaspace       used 90399K, committed 91008K, reserved 1179648K
  class space    used 12227K, committed 12544K, reserved 1048576K
}
Event: 9.828 GC heap after
{Heap after GC invocations=26 (full 0):
 garbage-first heap   total 260096K, used 79994K [0x0000000703a00000, 0x0000000800000000)
  region size 2048K, 2 young (4096K), 2 survivors (4096K)
 Metaspace       used 90399K, committed 91008K, reserved 1179648K
  class space    used 12227K, committed 12544K, reserved 1048576K
}
Event: 9.999 GC heap before
{Heap before GC invocations=26 (full 0):
 garbage-first heap   total 260096K, used 217210K [0x0000000703a00000, 0x0000000800000000)
  region size 2048K, 69 young (141312K), 2 survivors (4096K)
 Metaspace       used 90523K, committed 91136K, reserved 1179648K
  class space    used 12245K, committed 12544K, reserved 1048576K
}
Event: 10.002 GC heap after
{Heap after GC invocations=27 (full 0):
 garbage-first heap   total 260096K, used 81588K [0x0000000703a00000, 0x0000000800000000)
  region size 2048K, 3 young (6144K), 3 survivors (6144K)
 Metaspace       used 90523K, committed 91136K, reserved 1179648K
  class space    used 12245K, committed 12544K, reserved 1048576K
}
Event: 10.150 GC heap before
{Heap before GC invocations=27 (full 0):
 garbage-first heap   total 260096K, used 218804K [0x0000000703a00000, 0x0000000800000000)
  region size 2048K, 70 young (143360K), 3 survivors (6144K)
 Metaspace       used 90534K, committed 91136K, reserved 1179648K
  class space    used 12245K, committed 12544K, reserved 1048576K
}
Event: 10.156 GC heap after
{Heap after GC invocations=28 (full 0):
 garbage-first heap   total 538624K, used 86884K [0x0000000703a00000, 0x0000000800000000)
  region size 2048K, 5 young (10240K), 5 survivors (10240K)
 Metaspace       used 90534K, committed 91136K, reserved 1179648K
  class space    used 12245K, committed 12544K, reserved 1048576K
}
Event: 37.518 GC heap before
{Heap before GC invocations=28 (full 0):
 garbage-first heap   total 538624K, used 396132K [0x0000000703a00000, 0x0000000800000000)
  region size 2048K, 157 young (321536K), 5 survivors (10240K)
 Metaspace       used 102057K, committed 102784K, reserved 1179648K
  class space    used 13745K, committed 14080K, reserved 1048576K
}
Event: 37.525 GC heap after
{Heap after GC invocations=29 (full 0):
 garbage-first heap   total 538624K, used 88839K [0x0000000703a00000, 0x0000000800000000)
  region size 2048K, 6 young (12288K), 6 survivors (12288K)
 Metaspace       used 102057K, committed 102784K, reserved 1179648K
  class space    used 13745K, committed 14080K, reserved 1048576K
}

Deoptimization events (20 events):
Event: 1369.178 Thread 0x0000021822a60530 Uncommon trap: trap_request=0xffffff45 fr.pc=0x00000217c4bc8328 relative=0x0000000000000168
Event: 1369.178 Thread 0x0000021822a60530 Uncommon trap: reason=unstable_if action=reinterpret pc=0x00000217c4bc8328 method=com.newrelic.agent.metric.MetricName.writeJSONString(Ljava/io/Writer;)V @ 13 c2
Event: 1369.178 Thread 0x0000021822a60530 DEOPT PACKING pc=0x00000217c4bc8328 sp=0x0000002202afe050
Event: 1369.178 Thread 0x0000021822a60530 DEOPT UNPACKING pc=0x00000217c3ab5ba3 sp=0x0000002202afdfd8 mode 2
Event: 1666.324 Thread 0x0000021822a60530 DEOPT PACKING pc=0x00000217bda37652 sp=0x0000002202afe030
Event: 1666.324 Thread 0x0000021822a60530 DEOPT UNPACKING pc=0x00000217c3ab66e3 sp=0x0000002202afd528 mode 0
Event: 1905.890 Thread 0x0000021822a60530 DEOPT PACKING pc=0x00000217bd974a12 sp=0x0000002202afdec0
Event: 1905.890 Thread 0x0000021822a60530 DEOPT UNPACKING pc=0x00000217c3ab66e3 sp=0x0000002202afd380 mode 0
Event: 2026.326 Thread 0x0000021822a60530 Uncommon trap: trap_request=0xffffff45 fr.pc=0x00000217c4c0a1dc relative=0x000000000000013c
Event: 2026.326 Thread 0x0000021822a60530 Uncommon trap: reason=unstable_if action=reinterpret pc=0x00000217c4c0a1dc method=jdk.internal.math.FDBigInteger.trimLeadingZeros()V @ 22 c2
Event: 2026.326 Thread 0x0000021822a60530 DEOPT PACKING pc=0x00000217c4c0a1dc sp=0x0000002202afde50
Event: 2026.326 Thread 0x0000021822a60530 DEOPT UNPACKING pc=0x00000217c3ab5ba3 sp=0x0000002202afdde0 mode 2
Event: 2026.326 Thread 0x0000021822a60530 Uncommon trap: trap_request=0xffffff45 fr.pc=0x00000217c4c106ec relative=0x0000000000005eac
Event: 2026.326 Thread 0x0000021822a60530 Uncommon trap: reason=unstable_if action=reinterpret pc=0x00000217c4c106ec method=jdk.internal.math.FDBigInteger.addAndCmp(Ljdk/internal/math/FDBigInteger;Ljdk/internal/math/FDBigInteger;)I @ 72 c2
Event: 2026.326 Thread 0x0000021822a60530 DEOPT PACKING pc=0x00000217c4c106ec sp=0x0000002202afdf20
Event: 2026.326 Thread 0x0000021822a60530 DEOPT UNPACKING pc=0x00000217c3ab5ba3 sp=0x0000002202afddb0 mode 2
Event: 2086.329 Thread 0x0000021822a60530 Uncommon trap: trap_request=0xffffff6e fr.pc=0x00000217c4c426b8 relative=0x0000000000000a98
Event: 2086.329 Thread 0x0000021822a60530 Uncommon trap: reason=loop_limit_check action=maybe_recompile pc=0x00000217c4c426b8 method=com.sun.crypto.provider.Poly1305.engineUpdate([BII)V @ 99 c2
Event: 2086.329 Thread 0x0000021822a60530 DEOPT PACKING pc=0x00000217c4c426b8 sp=0x0000002202afd530
Event: 2086.329 Thread 0x0000021822a60530 DEOPT UNPACKING pc=0x00000217c3ab5ba3 sp=0x0000002202afd520 mode 2

Classes unloaded (0 events):
No events

Classes redefined (12 events):
Event: 0.786 Thread 0x00000217d8056160 redefined class name=com.newrelic.api.agent.security.NewRelicSecurity, count=1
Event: 0.920 Thread 0x00000217d8056160 redefined class name=com.newrelic.weave.utils.BootstrapLoader$1, count=1
Event: 0.932 Thread 0x00000217d8056160 redefined class name=com.newrelic.weave.utils.WeaveUtils$2, count=1
Event: 0.949 Thread 0x00000217d8056160 redefined class name=java.net.URLClassLoader, count=1
Event: 0.959 Thread 0x00000217d8056160 redefined class name=jdk.internal.loader.ClassLoaders$BootClassLoader, count=1
Event: 0.967 Thread 0x00000217d8056160 redefined class name=jdk.internal.loader.ClassLoaders$PlatformClassLoader, count=1
Event: 0.982 Thread 0x00000217d8056160 redefined class name=jdk.internal.loader.ClassLoaders$AppClassLoader, count=1
Event: 0.996 Thread 0x00000217d8056160 redefined class name=jdk.internal.reflect.DelegatingClassLoader, count=1
Event: 1.015 Thread 0x00000217d8056160 redefined class name=java.security.SecureClassLoader, count=1
Event: 1.049 Thread 0x00000217d8056160 redefined class name=java.lang.ClassLoader, count=1
Event: 2.147 Thread 0x00000217d8056160 redefined class name=java.util.concurrent.CompletableFuture, count=1
Event: 2.147 Thread 0x00000217d8056160 redefined class name=java.util.logging.Logger, count=1

Internal exceptions (20 events):
Event: 9.647 Thread 0x00000217b4ca25d0 Exception <a 'java/lang/NoSuchMethodError'{0x000000070ed0ab60}: 'int java.lang.invoke.DirectMethodHandle$Holder.invokeStaticInit(java.lang.Object, int, java.lang.Object, java.lang.Object, java.lang.Object, java.lang.Object)'> (0x000000070ed0ab60) 
thrown [s\open\src\hotspot\share\interpreter\linkResolver.cpp, line 759]
Event: 10.234 Thread 0x00000217b4ca25d0 Implicit null exception at 0x00000217c4a94a69 to 0x00000217c4a94b00
Event: 10.274 Thread 0x00000217b4ca25d0 Implicit null exception at 0x00000217c4aa0829 to 0x00000217c4aa19bc
Event: 10.689 Thread 0x00000217b4ca25d0 Exception <a 'sun/nio/fs/WindowsException'{0x000000071ad1a9f8}> (0x000000071ad1a9f8) 
thrown [s\open\src\hotspot\share\prims\jni.cpp, line 516]
Event: 10.743 Thread 0x00000217b4ca25d0 Exception <a 'java/lang/IncompatibleClassChangeError'{0x000000071a750990}: Found class java.lang.Object, but interface was expected> (0x000000071a750990) 
thrown [s\open\src\hotspot\share\interpreter\linkResolver.cpp, line 826]
Event: 11.005 Thread 0x00000217b4ca25d0 Exception <a 'java/lang/NoSuchMethodError'{0x000000071908c618}: 'java.lang.Object java.lang.invoke.DirectMethodHandle$Holder.invokeInterface(java.lang.Object, java.lang.Object, java.lang.Object, java.lang.Object)'> (0x000000071908c618) 
thrown [s\open\src\hotspot\share\interpreter\linkResolver.cpp, line 759]
Event: 11.122 Thread 0x00000217b4ca25d0 Implicit null exception at 0x00000217c472ba57 to 0x00000217c472bd58
Event: 11.172 Thread 0x00000217b4ca25d0 Exception <a 'java/lang/IncompatibleClassChangeError'{0x0000000717d6ed68}: Found class java.lang.Object, but interface was expected> (0x0000000717d6ed68) 
thrown [s\open\src\hotspot\share\interpreter\linkResolver.cpp, line 826]
Event: 11.185 Thread 0x00000217b4ca25d0 Implicit null exception at 0x00000217c49fe293 to 0x00000217c49fe374
Event: 11.223 Thread 0x00000217b4ca25d0 Exception <a 'java/lang/NoSuchMethodError'{0x0000000717669bf0}: 'java.lang.Object java.lang.invoke.DirectMethodHandle$Holder.invokeSpecial(java.lang.Object, java.lang.Object, java.lang.Object, java.lang.Object, java.lang.Object, java.lang.Object, java.lang.Object, java.lang.Object, java.lang.Object, java.lang.Object, java.lang.Object)'> (0x0000000717669bf0) 
thrown [s\open\src\hotspot\share\interpreter\linkResolver.cpp, line 759]
Event: 11.223 Thread 0x00000217b4ca25d0 Exception <a 'java/lang/NoSuchMethodError'{0x000000071766dfd8}: 'java.lang.Object java.lang.invoke.Invokers$Holder.invoke_MT(java.lang.Object, java.lang.Object, java.lang.Object, java.lang.Object, java.lang.Object, java.lang.Object, java.lang.Object, java.lang.Object, java.lang.Object, java.lang.Object, java.lang.Object)'> (0x000000071766dfd8) 
thrown [s\open\src\hotspot\share\interpreter\linkResolver.cpp, line 759]
Event: 11.279 Thread 0x00000217b4ca25d0 Exception <a 'java/lang/NoSuchMethodError'{0x00000007173ce928}: 'java.lang.Object java.lang.invoke.DirectMethodHandle$Holder.newInvokeSpecial(java.lang.Object, java.lang.Object, int, java.lang.Object, java.lang.Object)'> (0x00000007173ce928) 
thrown [s\open\src\hotspot\share\interpreter\linkResolver.cpp, line 759]
Event: 11.432 Thread 0x0000021822a5b940 Exception <a 'java/lang/NoSuchMethodError'{0x0000000715026580}: 'void java.lang.invoke.DirectMethodHandle$Holder.invokeSpecialIFC(java.lang.Object, java.lang.Object, int, java.lang.Object, java.lang.Object, java.lang.Object, java.lang.Object)'> (0x0000000715026580) 
thrown [s\open\src\hotspot\share\interpreter\linkResolver.cpp, line 759]
Event: 11.502 Thread 0x0000021822a5b940 Exception <a 'java/lang/IncompatibleClassChangeError'{0x00000007149f6990}: Found class java.lang.Object, but interface was expected> (0x00000007149f6990) 
thrown [s\open\src\hotspot\share\interpreter\linkResolver.cpp, line 826]
Event: 11.543 Thread 0x0000021822a5b940 Implicit null exception at 0x00000217c460887c to 0x00000217c46094e4
Event: 47.810 Thread 0x0000021822a60530 Implicit null exception at 0x00000217c4706ad5 to 0x00000217c4706ed0
Event: 47.810 Thread 0x0000021822a60530 Implicit null exception at 0x00000217c4836ba6 to 0x00000217c4836d8c
Event: 641.363 Thread 0x0000021822a5e6d0 Exception <a 'java/lang/NoSuchMethodError'{0x00000007222ae3e0}: 'java.lang.Object java.lang.invoke.DirectMethodHandle$Holder.invokeStaticInit(java.lang.Object, java.lang.Object, java.lang.Object, int, int)'> (0x00000007222ae3e0) 
thrown [s\open\src\hotspot\share\interpreter\linkResolver.cpp, line 759]
Event: 641.443 Thread 0x000002182011ba20 Exception <a 'java/lang/NoSuchMethodError'{0x0000000721aadd78}: 'java.lang.Object java.lang.invoke.DirectMethodHandle$Holder.invokeSpecial(java.lang.Object, java.lang.Object, java.lang.Object, java.lang.Object, java.lang.Object, long)'> (0x0000000721aadd78) 
thrown [s\open\src\hotspot\share\interpreter\linkResolver.cpp, line 759]
Event: 641.443 Thread 0x000002182011ba20 Exception <a 'java/lang/NoSuchMethodError'{0x0000000721ab1770}: 'java.lang.Object java.lang.invoke.Invokers$Holder.linkToTargetMethod(java.lang.Object, java.lang.Object, java.lang.Object, long, java.lang.Object)'> (0x0000000721ab1770) 
thrown [s\open\src\hotspot\share\interpreter\linkResolver.cpp, line 759]

VM Operations (20 events):
Event: 2287.146 Executing VM operation: FindDeadlocks
Event: 2287.146 Executing VM operation: FindDeadlocks done
Event: 2292.151 Executing VM operation: FindDeadlocks
Event: 2292.152 Executing VM operation: FindDeadlocks done
Event: 2297.153 Executing VM operation: FindDeadlocks
Event: 2297.153 Executing VM operation: FindDeadlocks done
Event: 2302.155 Executing VM operation: FindDeadlocks
Event: 2302.155 Executing VM operation: FindDeadlocks done
Event: 2307.158 Executing VM operation: FindDeadlocks
Event: 2307.158 Executing VM operation: FindDeadlocks done
Event: 2312.173 Executing VM operation: FindDeadlocks
Event: 2312.173 Executing VM operation: FindDeadlocks done
Event: 2317.175 Executing VM operation: FindDeadlocks
Event: 2317.175 Executing VM operation: FindDeadlocks done
Event: 2322.184 Executing VM operation: FindDeadlocks
Event: 2322.185 Executing VM operation: FindDeadlocks done
Event: 2326.219 Executing VM operation: Cleanup
Event: 2326.219 Executing VM operation: Cleanup done
Event: 2327.192 Executing VM operation: FindDeadlocks
Event: 2327.192 Executing VM operation: FindDeadlocks done

Events (20 events):
Event: 1720.254 Thread 0x0000021822a628a0 Thread exited: 0x0000021822a628a0
Event: 1720.302 Thread 0x0000021824f5b0d0 Thread exited: 0x0000021824f5b0d0
Event: 1749.885 Thread 0x0000021824f5b0d0 Thread added: 0x0000021824f5b0d0
Event: 1749.886 Thread 0x0000021822a628a0 Thread added: 0x0000021822a628a0
Event: 1754.887 Thread 0x0000021824f5b0d0 Thread exited: 0x0000021824f5b0d0
Event: 1754.934 Thread 0x0000021822a628a0 Thread exited: 0x0000021822a628a0
Event: 1770.489 Thread 0x0000021822a628a0 Thread added: 0x0000021822a628a0
Event: 1770.489 Thread 0x0000021824f5b0d0 Thread added: 0x0000021824f5b0d0
Event: 1777.040 Thread 0x0000021822a628a0 Thread exited: 0x0000021822a628a0
Event: 1777.087 Thread 0x0000021824f5b0d0 Thread exited: 0x0000021824f5b0d0
Event: 1871.343 Thread 0x00000218226f0650 Thread added: 0x00000218226f0650
Event: 1871.343 Thread 0x00000218226f0ba0 Thread added: 0x00000218226f0ba0
Event: 1871.343 Thread 0x000002181aa19410 Thread added: 0x000002181aa19410
Event: 1876.353 Thread 0x000002181aa19410 Thread exited: 0x000002181aa19410
Event: 1876.353 Thread 0x00000218226f0650 Thread exited: 0x00000218226f0650
Event: 1876.353 Thread 0x00000218226f0ba0 Thread exited: 0x00000218226f0ba0
Event: 1931.347 loading class org/hibernate/internal/util/collections/BoundedConcurrentHashMap$1
Event: 1931.347 loading class org/hibernate/internal/util/collections/BoundedConcurrentHashMap$1 done
Event: 2291.346 Thread 0x000002181aa19410 Thread added: 0x000002181aa19410
Event: 2296.355 Thread 0x000002181aa19410 Thread exited: 0x000002181aa19410


Dynamic libraries:
0x00007ff71bfe0000 - 0x00007ff71bff0000 	C:\Program Files\Java\jdk-17\bin\javaw.exe
0x00007ff8c7900000 - 0x00007ff8c7b65000 	C:\WINDOWS\SYSTEM32\ntdll.dll
0x00007ff8c59c0000 - 0x00007ff8c5a89000 	C:\WINDOWS\System32\KERNEL32.DLL
0x00007ff8c4e80000 - 0x00007ff8c5268000 	C:\WINDOWS\System32\KERNELBASE.dll
0x00007ff8c4ae0000 - 0x00007ff8c4c2b000 	C:\WINDOWS\System32\ucrtbase.dll
0x00007ff8bda50000 - 0x00007ff8bda69000 	C:\Program Files\Java\jdk-17\bin\jli.dll
0x00007ff8bda30000 - 0x00007ff8bda4b000 	C:\Program Files\Java\jdk-17\bin\VCRUNTIME140.dll
0x00007ff8c5870000 - 0x00007ff8c5923000 	C:\WINDOWS\System32\ADVAPI32.dll
0x00007ff8c5d40000 - 0x00007ff8c5de9000 	C:\WINDOWS\System32\msvcrt.dll
0x00007ff8c6d40000 - 0x00007ff8c6de6000 	C:\WINDOWS\System32\sechost.dll
0x00007ff8c66c0000 - 0x00007ff8c67d5000 	C:\WINDOWS\System32\RPCRT4.dll
0x00007ff8c5a90000 - 0x00007ff8c5c5a000 	C:\WINDOWS\System32\USER32.dll
0x00007ff8c4e50000 - 0x00007ff8c4e77000 	C:\WINDOWS\System32\win32u.dll
0x00007ff8aa800000 - 0x00007ff8aaa9a000 	C:\WINDOWS\WinSxS\amd64_microsoft.windows.common-controls_6595b64144ccf1df_6.0.26100.4202_none_3e0698d4e335f517\COMCTL32.dll
0x00007ff8c5d10000 - 0x00007ff8c5d3b000 	C:\WINDOWS\System32\GDI32.dll
0x00007ff8c53f0000 - 0x00007ff8c5527000 	C:\WINDOWS\System32\gdi32full.dll
0x00007ff8c55f0000 - 0x00007ff8c5693000 	C:\WINDOWS\System32\msvcp_win.dll
0x00007ff8bb190000 - 0x00007ff8bb19b000 	C:\WINDOWS\SYSTEM32\VERSION.dll
0x00007ff8c6c90000 - 0x00007ff8c6cc0000 	C:\WINDOWS\System32\IMM32.DLL
0x00007ff8bf2d0000 - 0x00007ff8bf2dc000 	C:\Program Files\Java\jdk-17\bin\vcruntime140_1.dll
0x00007ff8a4750000 - 0x00007ff8a47de000 	C:\Program Files\Java\jdk-17\bin\msvcp140.dll
0x00007ff8039e0000 - 0x00007ff8045c0000 	C:\Program Files\Java\jdk-17\bin\server\jvm.dll
0x00007ff8c6430000 - 0x00007ff8c6438000 	C:\WINDOWS\System32\PSAPI.DLL
0x00007ff8ace00000 - 0x00007ff8ace0a000 	C:\WINDOWS\SYSTEM32\WSOCK32.dll
0x00007ff8b1860000 - 0x00007ff8b1895000 	C:\WINDOWS\SYSTEM32\WINMM.dll
0x00007ff8c6880000 - 0x00007ff8c68f4000 	C:\WINDOWS\System32\WS2_32.dll
0x00007ff8c3930000 - 0x00007ff8c394b000 	C:\WINDOWS\SYSTEM32\kernel.appcore.dll
0x00007ff8bda20000 - 0x00007ff8bda2a000 	C:\Program Files\Java\jdk-17\bin\jimage.dll
0x00007ff8c2250000 - 0x00007ff8c2491000 	C:\WINDOWS\SYSTEM32\DBGHELP.DLL
0x00007ff8c6900000 - 0x00007ff8c6c85000 	C:\WINDOWS\System32\combase.dll
0x00007ff8c5780000 - 0x00007ff8c5861000 	C:\WINDOWS\System32\OLEAUT32.dll
0x00007ff8aa7c0000 - 0x00007ff8aa7f9000 	C:\WINDOWS\SYSTEM32\dbgcore.DLL
0x00007ff8c4db0000 - 0x00007ff8c4e49000 	C:\WINDOWS\System32\bcryptPrimitives.dll
0x00007ff8bda10000 - 0x00007ff8bda1e000 	C:\Program Files\Java\jdk-17\bin\instrument.dll
0x00007ff8a4c50000 - 0x00007ff8a4c75000 	C:\Program Files\Java\jdk-17\bin\java.dll
0x00007ff898580000 - 0x00007ff898657000 	C:\Program Files\Java\jdk-17\bin\jsvml.dll
0x00007ff8c6e20000 - 0x00007ff8c7562000 	C:\WINDOWS\System32\SHELL32.dll
0x00007ff8c5270000 - 0x00007ff8c53e4000 	C:\WINDOWS\System32\wintypes.dll
0x00007ff8c2710000 - 0x00007ff8c2f68000 	C:\WINDOWS\SYSTEM32\windows.storage.dll
0x00007ff8c6440000 - 0x00007ff8c6531000 	C:\WINDOWS\System32\SHCORE.dll
0x00007ff8c5950000 - 0x00007ff8c59ba000 	C:\WINDOWS\System32\shlwapi.dll
0x00007ff8c4960000 - 0x00007ff8c498f000 	C:\WINDOWS\SYSTEM32\profapi.dll
0x00007ff8bd9f0000 - 0x00007ff8bda08000 	C:\Program Files\Java\jdk-17\bin\zip.dll
0x00007ff8a4d60000 - 0x00007ff8a4d79000 	C:\Program Files\Java\jdk-17\bin\net.dll
0x00007ff8baef0000 - 0x00007ff8bb00e000 	C:\WINDOWS\SYSTEM32\WINHTTP.dll
0x00007ff8c3ea0000 - 0x00007ff8c3f0a000 	C:\WINDOWS\system32\mswsock.dll
0x00007ff8a4ac0000 - 0x00007ff8a4ad6000 	C:\Program Files\Java\jdk-17\bin\nio.dll
0x00007ff8c4160000 - 0x00007ff8c417b000 	C:\WINDOWS\SYSTEM32\CRYPTSP.dll
0x00007ff8c3890000 - 0x00007ff8c38ca000 	C:\WINDOWS\system32\rsaenh.dll
0x00007ff8c3f40000 - 0x00007ff8c3f6b000 	C:\WINDOWS\SYSTEM32\USERENV.dll
0x00007ff8c4930000 - 0x00007ff8c4956000 	C:\WINDOWS\SYSTEM32\bcrypt.dll
0x00007ff8c4150000 - 0x00007ff8c415c000 	C:\WINDOWS\SYSTEM32\CRYPTBASE.dll
0x00007ff8c32d0000 - 0x00007ff8c3303000 	C:\WINDOWS\SYSTEM32\IPHLPAPI.DLL
0x00007ff8c67f0000 - 0x00007ff8c67fa000 	C:\WINDOWS\System32\NSI.dll
0x00007ff8bb1a0000 - 0x00007ff8bb1bf000 	C:\WINDOWS\SYSTEM32\dhcpcsvc6.DLL
0x00007ff8baec0000 - 0x00007ff8baee5000 	C:\WINDOWS\SYSTEM32\dhcpcsvc.DLL
0x00007ff8c33c0000 - 0x00007ff8c34e7000 	C:\WINDOWS\SYSTEM32\DNSAPI.dll
0x00007ff8a4cb0000 - 0x00007ff8a4cba000 	C:\Program Files\Java\jdk-17\bin\management.dll
0x00007ff8a4ab0000 - 0x00007ff8a4abb000 	C:\Program Files\Java\jdk-17\bin\management_ext.dll
0x00007ff89cce0000 - 0x00007ff89ccf8000 	C:\WINDOWS\system32\napinsp.dll
0x00007ff89cd00000 - 0x00007ff89cd12000 	C:\WINDOWS\System32\winrnr.dll
0x00007ff89cd50000 - 0x00007ff89cd80000 	C:\WINDOWS\system32\nlansp_c.dll
0x00007ff89cd90000 - 0x00007ff89cdb0000 	C:\WINDOWS\system32\wshbth.dll
0x00007ff8b8620000 - 0x00007ff8b862b000 	C:\Windows\System32\rasadhlp.dll
0x00007ff8ba7c0000 - 0x00007ff8ba846000 	C:\WINDOWS\System32\fwpuclnt.dll
0x00007ff8a4aa0000 - 0x00007ff8a4ab0000 	C:\Program Files\Java\jdk-17\bin\verify.dll
0x00007ff8a4a90000 - 0x00007ff8a4a9e000 	C:\Program Files\Java\jdk-17\bin\sunmscapi.dll
0x00007ff8c4c30000 - 0x00007ff8c4da7000 	C:\WINDOWS\System32\CRYPT32.dll
0x00007ff8c4370000 - 0x00007ff8c43a0000 	C:\WINDOWS\SYSTEM32\ncrypt.dll
0x00007ff8c4320000 - 0x00007ff8c435f000 	C:\WINDOWS\SYSTEM32\NTASN1.dll
0x00007ff842df0000 - 0x00007ff842df8000 	C:\WINDOWS\system32\wshunix.dll

dbghelp: loaded successfully - version: 4.0.5 - missing functions: none
symbol engine: initialized successfully - sym options: 0x614 - pdb path: .;C:\Program Files\Java\jdk-17\bin;C:\WINDOWS\SYSTEM32;C:\WINDOWS\WinSxS\amd64_microsoft.windows.common-controls_6595b64144ccf1df_6.0.26100.4202_none_3e0698d4e335f517;C:\Program Files\Java\jdk-17\bin\server

VM Arguments:
jvm_args: -javaagent:C:\Program Files\New Relic\newrelic\newrelic.jar -Dfile.encoding=UTF-8 -Dstdout.encoding=UTF-8 -Dstderr.encoding=UTF-8 -XX:+ShowCodeDetailsInExceptionMessages 
java_command: com.example.leftovers.LeftoversApplication
java_class_path (initial): C:\_Java\javaproject\leftovers_BE\bin\main;C:\Users\inf70\.gradle\caches\modules-2\files-2.1\org.springframework.boot\spring-boot-starter-web\3.5.0\29c6198f7e5cd7c4b9a27045d93879e161d6cdd0\spring-boot-starter-web-3.5.0.jar;C:\Users\inf70\.gradle\caches\modules-2\files-2.1\org.springframework.boot\spring-boot-starter-data-jpa\3.5.0\1f1b632678d5516b5866a82b282541b18f6bf84c\spring-boot-starter-data-jpa-3.5.0.jar;C:\Users\inf70\.gradle\caches\modules-2\files-2.1\org.springframework.boot\spring-boot-starter-security\3.5.0\f33d61f93d8a0ded9a1142996d2663105a237e76\spring-boot-starter-security-3.5.0.jar;C:\Users\inf70\.gradle\caches\modules-2\files-2.1\org.springframework.boot\spring-boot-starter-validation\3.5.0\76a06881cdb0d47b3fd937ce26d874d5fc2c10fa\spring-boot-starter-validation-3.5.0.jar;C:\Users\inf70\.gradle\caches\modules-2\files-2.1\org.springframework.boot\spring-boot-starter-json\3.5.0\af98a526ea3f68c179a6c6199bb1dbe864f43b93\spring-boot-starter-json-3.5.0.jar;C:\Users\inf70\.gradle\caches\modules-2\files-2.1\org.springframework.boot\spring-boot-starter-jdbc\3.5.0\5e0188ba4c52ec7ba36b1618ff7f9738bffa1eb\spring-boot-starter-jdbc-3.5.0.jar;C:\Users\inf70\.gradle\caches\modules-2\files-2.1\org.springframework.boot\spring-boot-starter\3.5.0\f8b02201e89d294514420a586624aa7338d61f4f\spring-boot-starter-3.5.0.jar;C:\Users\inf70\.gradle\caches\modules-2\files-2.1\com.mysql\mysql-connector-j\8.4.0\b1bc0f47bcad26ad5f9bceefb63fcb920d868fca\mysql-connector-j-8.4.0.jar;C:\Users\inf70\.gradle\caches\modules-2\files-2.1\com.auth0\java-jwt\4.4.0\e02407d19971bfa241441212901dd327a37722b\java-jwt-4.4.0.jar;C:\Users\inf70\.gradle\caches\modules-2\files-2.1\org.springframework.boot\spring-boot-autoconfigure\3.5.0\a7f8ba40022dd75f20ac0eafe117437a1a7f3935\spring-boot-autoconfigure-3.5.0.jar;C:\Users\inf70\.gradle\caches\modules-2\files-2.1\org.springframework.boot\spring-boot\3.5.0\ec86afc460265a0219bfafe187acb6c596ac2de1\spring-boot-3.5.0.jar;C:\Users\inf
Launcher Type: SUN_STANDARD

[Global flags]
     intx CICompilerCount                          = 12                                        {product} {ergonomic}
     uint ConcGCThreads                            = 3                                         {product} {ergonomic}
     uint G1ConcRefinementThreads                  = 13                                        {product} {ergonomic}
   size_t G1HeapRegionSize                         = 2097152                                   {product} {ergonomic}
    uintx GCDrainStackTargetSize                   = 64                                        {product} {ergonomic}
   size_t InitialHeapSize                          = 266338304                                 {product} {ergonomic}
   size_t MarkStackSize                            = 4194304                                   {product} {ergonomic}
   size_t MaxHeapSize                              = 4234149888                                {product} {ergonomic}
   size_t MaxNewSize                               = 2539651072                                {product} {ergonomic}
   size_t MinHeapDeltaBytes                        = 2097152                                   {product} {ergonomic}
   size_t MinHeapSize                              = 8388608                                   {product} {ergonomic}
    uintx NonNMethodCodeHeapSize                   = 7602480                                {pd product} {ergonomic}
    uintx NonProfiledCodeHeapSize                  = 122027880                              {pd product} {ergonomic}
    uintx ProfiledCodeHeapSize                     = 122027880                              {pd product} {ergonomic}
    uintx ReservedCodeCacheSize                    = 251658240                              {pd product} {ergonomic}
     bool SegmentedCodeCache                       = true                                      {product} {ergonomic}
     bool ShowCodeDetailsInExceptionMessages       = true                                   {manageable} {command line}
   size_t SoftMaxHeapSize                          = 4234149888                             {manageable} {ergonomic}
     bool UseCompressedClassPointers               = true                           {product lp64_product} {ergonomic}
     bool UseCompressedOops                        = true                           {product lp64_product} {ergonomic}
     bool UseG1GC                                  = true                                      {product} {ergonomic}
     bool UseLargePagesIndividualAllocation        = false                                  {pd product} {ergonomic}

Logging:
Log output configuration:
 #0: stdout all=warning uptime,level,tags
 #1: stderr all=off uptime,level,tags

Environment Variables:
PATH=C:/eclipse/eclipse//plugins/org.eclipse.justj.openjdk.hotspot.jre.full.win32.x86_64_21.0.6.v20250130-0529/jre/bin/server;C:/eclipse/eclipse//plugins/org.eclipse.justj.openjdk.hotspot.jre.full.win32.x86_64_21.0.6.v20250130-0529/jre/bin;C:\Program Files\Common Files\Oracle\Java\javapath;C:\Program Files (x86)\Common Files\Oracle\Java\java8path;C:\Program Files (x86)\Common Files\Oracle\Java\javapath;C:\Windows\system32;C:\Windows;C:\Windows\System32\Wbem;C:\Windows\System32\WindowsPowerShell\v1.0\;C:\Windows\System32\OpenSSH\;C:\Program Files (x86)\NVIDIA Corporation\PhysX\Common;C:\Program Files\NVIDIA Corporation\NVIDIA NvDLISR;C:\WINDOWS\system32;C:\WINDOWS;C:\WINDOWS\System32\Wbem;C:\WINDOWS\System32\WindowsPowerShell\v1.0\;C:\WINDOWS\System32\OpenSSH\;C:\Users\inf70\AppData\Local\nvm;C:\nvm4w\nodejs;C:\Program Files\Java\jdk-17\bin;C:\Program Files\Git\cmd;C:\Program Files (x86)\Windows Kits\10\Windows Performance Toolkit\;C:\Users\inf70\Desktop;C:\Users\inf70\AppData\Roaming\npm;C:\Users\inf70\AppData\Local\Programs\Python\Python310\Scripts\;C:\Users\inf70\AppData\Local\Programs\Python\Python310\;C:\Program Files\MySQL\MySQL Shell 8.0\bin\;C:\Users\inf70\Desktop;C:\Users\inf70\AppData\Local\Microsoft\WindowsApps;C:\Users\inf70\AppData\Local\nvm;C:\nvm4w\nodejs;D:\vs code\Microsoft VS Code\bin;C:\Users\inf70\AppData\Local\Programs\cursor\resources\app\bin;C:\Users\inf70\AppData\Local\Microsoft\WinGet\Links;C:\Program Files\New Relic\New Relic CLI\;;C:\eclipse\eclipse;
USERNAME=W{[o
OS=Windows_NT
PROCESSOR_IDENTIFIER=Intel64 Family 6 Model 141 Stepping 1, GenuineIntel



---------------  S Y S T E M  ---------------

OS:
 Windows 11 , 64 bit Build 26100 (10.0.26100.4202)
OS uptime: 1 days 2:19 hours

CPU: total 16 (initial active 16) (8 cores per cpu, 2 threads per core) family 6 model 141 stepping 1 microcode 0x3c, cx8, cmov, fxsr, ht, mmx, 3dnowpref, sse, sse2, sse3, ssse3, sse4.1, sse4.2, popcnt, lzcnt, tsc, tscinvbit, avx, avx2, aes, erms, clmul, bmi1, bmi2, adx, avx512f, avx512dq, avx512cd, avx512bw, avx512vl, sha, fma, vzeroupper, avx512_vpopcntdq, avx512_vpclmulqdq, avx512_vaes, avx512_vnni, clflush, clflushopt, clwb, avx512_vbmi2, avx512_vbmi

Memory: 4k page, system-wide physical 16147M (3703M free)
TotalPageFile size 65299M (AvailPageFile size 5M)
current process WorkingSet (physical memory assigned to process): 171M, peak: 822M
current process commit charge ("private bytes"): 856M, peak: 896M

vm_info: Java HotSpot(TM) 64-Bit Server VM (17.0.12+8-LTS-286) for windows-amd64 JRE (17.0.12+8-LTS-286), built on Jun  5 2024 06:46:59 by "mach5one" with MS VC++ 17.6 (VS2022)

END.
